{"/Users/jalpa/Documents/Student _Management_system/student_management/Client/src/App.js": {"path":"/Users/jalpa/Documents/Student _Management_system/student_management/Client/src/App.js","statementMap":{"0":{"start":{"line":5,"column":2},"end":{"line":9,"column":4}}},"fnMap":{"0":{"name":"App","decl":{"start":{"line":4,"column":9},"end":{"line":4,"column":12}},"loc":{"start":{"line":4,"column":15},"end":{"line":10,"column":1}},"line":4}},"branchMap":{},"s":{"0":0},"f":{"0":0},"b":{},"_coverageSchema":"1a1c01bbd47fc00a2c39e90264f33305004495a9","hash":"06ef67637800fd14b1195382e51c006ccae7b882"}
,"/Users/jalpa/Documents/Student _Management_system/student_management/Client/src/index.js": {"path":"/Users/jalpa/Documents/Student _Management_system/student_management/Client/src/index.js","statementMap":{"0":{"start":{"line":8,"column":13},"end":{"line":8,"column":65}},"1":{"start":{"line":9,"column":0},"end":{"line":15,"column":2}},"2":{"start":{"line":20,"column":0},"end":{"line":20,"column":18}}},"fnMap":{},"branchMap":{},"s":{"0":0,"1":0,"2":0},"f":{},"b":{}}
,"/Users/jalpa/Documents/Student _Management_system/student_management/Client/src/reportWebVitals.js": {"path":"/Users/jalpa/Documents/Student _Management_system/student_management/Client/src/reportWebVitals.js","statementMap":{"0":{"start":{"line":1,"column":24},"end":{"line":11,"column":1}},"1":{"start":{"line":2,"column":2},"end":{"line":10,"column":3}},"2":{"start":{"line":3,"column":4},"end":{"line":9,"column":7}},"3":{"start":{"line":4,"column":6},"end":{"line":4,"column":26}},"4":{"start":{"line":5,"column":6},"end":{"line":5,"column":26}},"5":{"start":{"line":6,"column":6},"end":{"line":6,"column":26}},"6":{"start":{"line":7,"column":6},"end":{"line":7,"column":26}},"7":{"start":{"line":8,"column":6},"end":{"line":8,"column":27}}},"fnMap":{"0":{"name":"(anonymous_0)","decl":{"start":{"line":1,"column":24},"end":{"line":1,"column":25}},"loc":{"start":{"line":1,"column":39},"end":{"line":11,"column":1}},"line":1},"1":{"name":"(anonymous_1)","decl":{"start":{"line":3,"column":30},"end":{"line":3,"column":31}},"loc":{"start":{"line":3,"column":79},"end":{"line":9,"column":5}},"line":3}},"branchMap":{"0":{"loc":{"start":{"line":2,"column":2},"end":{"line":10,"column":3}},"type":"if","locations":[{"start":{"line":2,"column":2},"end":{"line":10,"column":3}},{"start":{},"end":{}}],"line":2},"1":{"loc":{"start":{"line":2,"column":6},"end":{"line":2,"column":52}},"type":"binary-expr","locations":[{"start":{"line":2,"column":6},"end":{"line":2,"column":17}},{"start":{"line":2,"column":21},"end":{"line":2,"column":52}}],"line":2}},"s":{"0":0,"1":0,"2":0,"3":0,"4":0,"5":0,"6":0,"7":0},"f":{"0":0,"1":0},"b":{"0":[0,0],"1":[0,0]}}
,"/Users/jalpa/Documents/Student _Management_system/student_management/Client/src/setupTests.js": {"path":"/Users/jalpa/Documents/Student _Management_system/student_management/Client/src/setupTests.js","statementMap":{},"fnMap":{},"branchMap":{},"s":{},"f":{},"b":{}}
,"/Users/jalpa/Documents/Student _Management_system/student_management/Client/src/components/errorpage/ErrorPage.js": {"path":"/Users/jalpa/Documents/Student _Management_system/student_management/Client/src/components/errorpage/ErrorPage.js","statementMap":{"0":{"start":{"line":5,"column":16},"end":{"line":5,"column":31}},"1":{"start":{"line":6,"column":2},"end":{"line":6,"column":23}},"2":{"start":{"line":8,"column":2},"end":{"line":16,"column":4}}},"fnMap":{"0":{"name":"ErrorPage","decl":{"start":{"line":4,"column":24},"end":{"line":4,"column":33}},"loc":{"start":{"line":4,"column":36},"end":{"line":17,"column":1}},"line":4}},"branchMap":{"0":{"loc":{"start":{"line":13,"column":12},"end":{"line":13,"column":45}},"type":"binary-expr","locations":[{"start":{"line":13,"column":12},"end":{"line":13,"column":28}},{"start":{"line":13,"column":32},"end":{"line":13,"column":45}}],"line":13}},"s":{"0":0,"1":0,"2":0},"f":{"0":0},"b":{"0":[0,0]},"_coverageSchema":"1a1c01bbd47fc00a2c39e90264f33305004495a9","hash":"833de7d76d752594dceaf5a35fa2cb02f54f1127"}
,"/Users/jalpa/Documents/Student _Management_system/student_management/Client/src/components/forminput/FormInput.js": {"path":"/Users/jalpa/Documents/Student _Management_system/student_management/Client/src/components/forminput/FormInput.js","statementMap":{"0":{"start":{"line":6,"column":22},"end":{"line":6,"column":34}},"1":{"start":{"line":7,"column":46},"end":{"line":7,"column":51}},"2":{"start":{"line":15,"column":21},"end":{"line":21,"column":5}},"3":{"start":{"line":16,"column":34},"end":{"line":16,"column":39}},"4":{"start":{"line":17,"column":8},"end":{"line":20,"column":10}},"5":{"start":{"line":24,"column":4},"end":{"line":75,"column":5}},"6":{"start":{"line":31,"column":49},"end":{"line":31,"column":85}},"7":{"start":{"line":36,"column":47},"end":{"line":36,"column":83}},"8":{"start":{"line":41,"column":47},"end":{"line":41,"column":83}},"9":{"start":{"line":52,"column":28},"end":{"line":55,"column":30}},"10":{"start":{"line":68,"column":28},"end":{"line":71,"column":30}}},"fnMap":{"0":{"name":"FormInput","decl":{"start":{"line":5,"column":9},"end":{"line":5,"column":18}},"loc":{"start":{"line":5,"column":26},"end":{"line":76,"column":1}},"line":5},"1":{"name":"showPreview","decl":{"start":{"line":8,"column":13},"end":{"line":8,"column":24}},"loc":{"start":{"line":8,"column":32},"end":{"line":14,"column":5}},"line":8},"2":{"name":"(anonymous_2)","decl":{"start":{"line":15,"column":21},"end":{"line":15,"column":22}},"loc":{"start":{"line":15,"column":32},"end":{"line":21,"column":5}},"line":15},"3":{"name":"(anonymous_3)","decl":{"start":{"line":31,"column":38},"end":{"line":31,"column":39}},"loc":{"start":{"line":31,"column":49},"end":{"line":31,"column":85}},"line":31},"4":{"name":"(anonymous_4)","decl":{"start":{"line":36,"column":36},"end":{"line":36,"column":37}},"loc":{"start":{"line":36,"column":47},"end":{"line":36,"column":83}},"line":36},"5":{"name":"(anonymous_5)","decl":{"start":{"line":41,"column":36},"end":{"line":41,"column":37}},"loc":{"start":{"line":41,"column":47},"end":{"line":41,"column":83}},"line":41},"6":{"name":"(anonymous_6)","decl":{"start":{"line":51,"column":34},"end":{"line":51,"column":35}},"loc":{"start":{"line":51,"column":45},"end":{"line":56,"column":25}},"line":51},"7":{"name":"(anonymous_7)","decl":{"start":{"line":67,"column":34},"end":{"line":67,"column":35}},"loc":{"start":{"line":67,"column":45},"end":{"line":72,"column":25}},"line":67}},"branchMap":{"0":{"loc":{"start":{"line":25,"column":8},"end":{"line":74,"column":22}},"type":"cond-expr","locations":[{"start":{"line":26,"column":12},"end":{"line":45,"column":18}},{"start":{"line":46,"column":12},"end":{"line":74,"column":22}}],"line":25},"1":{"loc":{"start":{"line":46,"column":12},"end":{"line":74,"column":22}},"type":"cond-expr","locations":[{"start":{"line":47,"column":16},"end":{"line":58,"column":22}},{"start":{"line":60,"column":16},"end":{"line":74,"column":22}}],"line":46},"2":{"loc":{"start":{"line":60,"column":32},"end":{"line":60,"column":84}},"type":"cond-expr","locations":[{"start":{"line":60,"column":49},"end":{"line":60,"column":59}},{"start":{"line":60,"column":62},"end":{"line":60,"column":84}}],"line":60},"3":{"loc":{"start":{"line":62,"column":20},"end":{"line":62,"column":60}},"type":"binary-expr","locations":[{"start":{"line":62,"column":20},"end":{"line":62,"column":35}},{"start":{"line":62,"column":39},"end":{"line":62,"column":60}}],"line":62}},"s":{"0":3,"1":3,"2":3,"3":0,"4":0,"5":3,"6":0,"7":0,"8":0,"9":0,"10":0},"f":{"0":3,"1":0,"2":0,"3":0,"4":0,"5":0,"6":0,"7":0},"b":{"0":[0,3],"1":[0,3],"2":[3,0],"3":[3,3]},"_coverageSchema":"1a1c01bbd47fc00a2c39e90264f33305004495a9","hash":"dd65a5b6800c517d9962d88adbdfc91327b0d338"}
,"/Users/jalpa/Documents/Student _Management_system/student_management/Client/src/components/forminput/Input.js": {"path":"/Users/jalpa/Documents/Student _Management_system/student_management/Client/src/components/forminput/Input.js","statementMap":{"0":{"start":{"line":5,"column":61},"end":{"line":5,"column":66}},"1":{"start":{"line":6,"column":4},"end":{"line":49,"column":5}},"2":{"start":{"line":11,"column":20},"end":{"line":14,"column":22}},"3":{"start":{"line":29,"column":28},"end":{"line":32,"column":30}},"4":{"start":{"line":42,"column":28},"end":{"line":45,"column":30}}},"fnMap":{"0":{"name":"Input","decl":{"start":{"line":4,"column":9},"end":{"line":4,"column":14}},"loc":{"start":{"line":4,"column":22},"end":{"line":50,"column":1}},"line":4},"1":{"name":"(anonymous_1)","decl":{"start":{"line":10,"column":34},"end":{"line":10,"column":35}},"loc":{"start":{"line":10,"column":45},"end":{"line":15,"column":17}},"line":10},"2":{"name":"(anonymous_2)","decl":{"start":{"line":28,"column":34},"end":{"line":28,"column":35}},"loc":{"start":{"line":28,"column":45},"end":{"line":33,"column":25}},"line":28},"3":{"name":"(anonymous_3)","decl":{"start":{"line":41,"column":34},"end":{"line":41,"column":35}},"loc":{"start":{"line":41,"column":45},"end":{"line":46,"column":25}},"line":41}},"branchMap":{"0":{"loc":{"start":{"line":7,"column":8},"end":{"line":48,"column":22}},"type":"cond-expr","locations":[{"start":{"line":8,"column":12},"end":{"line":21,"column":18}},{"start":{"line":23,"column":12},"end":{"line":48,"column":22}}],"line":7},"1":{"loc":{"start":{"line":23,"column":12},"end":{"line":48,"column":22}},"type":"cond-expr","locations":[{"start":{"line":24,"column":16},"end":{"line":34,"column":22}},{"start":{"line":36,"column":16},"end":{"line":48,"column":22}}],"line":23}},"s":{"0":45,"1":45,"2":0,"3":8,"4":0},"f":{"0":45,"1":0,"2":8,"3":0},"b":{"0":[9,36],"1":[9,27]},"_coverageSchema":"1a1c01bbd47fc00a2c39e90264f33305004495a9","hash":"18b8141a7f3057133e9f89c0a9731615190e1d5f"}
,"/Users/jalpa/Documents/Student _Management_system/student_management/Client/src/components/header/Header.js": {"path":"/Users/jalpa/Documents/Student _Management_system/student_management/Client/src/components/header/Header.js","statementMap":{"0":{"start":{"line":7,"column":15},"end":{"line":7,"column":55}},"1":{"start":{"line":8,"column":4},"end":{"line":8,"column":71}},"2":{"start":{"line":10,"column":4},"end":{"line":19,"column":5}}},"fnMap":{"0":{"name":"Header","decl":{"start":{"line":6,"column":9},"end":{"line":6,"column":15}},"loc":{"start":{"line":6,"column":23},"end":{"line":20,"column":1}},"line":6}},"branchMap":{"0":{"loc":{"start":{"line":8,"column":11},"end":{"line":8,"column":71}},"type":"cond-expr","locations":[{"start":{"line":8,"column":48},"end":{"line":8,"column":64}},{"start":{"line":8,"column":67},"end":{"line":8,"column":71}}],"line":8},"1":{"loc":{"start":{"line":8,"column":11},"end":{"line":8,"column":45}},"type":"binary-expr","locations":[{"start":{"line":8,"column":11},"end":{"line":8,"column":24}},{"start":{"line":8,"column":28},"end":{"line":8,"column":45}}],"line":8}},"s":{"0":10,"1":10,"2":10},"f":{"0":10},"b":{"0":[10,0],"1":[10,10]},"_coverageSchema":"1a1c01bbd47fc00a2c39e90264f33305004495a9","hash":"47632810e193461c599d680e2f0d7e149f40d698"}
,"/Users/jalpa/Documents/Student _Management_system/student_management/Client/src/components/loader/Loader.js": {"path":"/Users/jalpa/Documents/Student _Management_system/student_management/Client/src/components/loader/Loader.js","statementMap":{"0":{"start":{"line":5,"column":4},"end":{"line":16,"column":5}}},"fnMap":{"0":{"name":"Loader","decl":{"start":{"line":4,"column":9},"end":{"line":4,"column":15}},"loc":{"start":{"line":4,"column":18},"end":{"line":17,"column":1}},"line":4}},"branchMap":{},"s":{"0":1},"f":{"0":1},"b":{},"_coverageSchema":"1a1c01bbd47fc00a2c39e90264f33305004495a9","hash":"a46e573773a49741eff35f2a121d7b3e2519f0a7"}
,"/Users/jalpa/Documents/Student _Management_system/student_management/Client/src/components/navbar/Navbar.js": {"path":"/Users/jalpa/Documents/Student _Management_system/student_management/Client/src/components/navbar/Navbar.js","statementMap":{"0":{"start":{"line":7,"column":21},"end":{"line":7,"column":34}},"1":{"start":{"line":8,"column":4},"end":{"line":18,"column":5}},"2":{"start":{"line":15,"column":43},"end":{"line":15,"column":56}}},"fnMap":{"0":{"name":"Navbar","decl":{"start":{"line":6,"column":9},"end":{"line":6,"column":15}},"loc":{"start":{"line":6,"column":18},"end":{"line":19,"column":1}},"line":6},"1":{"name":"(anonymous_1)","decl":{"start":{"line":15,"column":37},"end":{"line":15,"column":38}},"loc":{"start":{"line":15,"column":43},"end":{"line":15,"column":56}},"line":15}},"branchMap":{},"s":{"0":9,"1":9,"2":0},"f":{"0":9,"1":0},"b":{},"_coverageSchema":"1a1c01bbd47fc00a2c39e90264f33305004495a9","hash":"0bf477132c84ad29088799db56d1013daee9a2fa"}
,"/Users/jalpa/Documents/Student _Management_system/student_management/Client/src/components/profile/MyProfile.js": {"path":"/Users/jalpa/Documents/Student _Management_system/student_management/Client/src/components/profile/MyProfile.js","statementMap":{"0":{"start":{"line":5,"column":24},"end":{"line":5,"column":34}},"1":{"start":{"line":6,"column":4},"end":{"line":24,"column":5}}},"fnMap":{"0":{"name":"MyProfile","decl":{"start":{"line":4,"column":9},"end":{"line":4,"column":18}},"loc":{"start":{"line":4,"column":26},"end":{"line":25,"column":1}},"line":4}},"branchMap":{},"s":{"0":1,"1":1},"f":{"0":1},"b":{},"_coverageSchema":"1a1c01bbd47fc00a2c39e90264f33305004495a9","hash":"b88ba6b9692b84a13b4413d9260296686f8f7615"}
,"/Users/jalpa/Documents/Student _Management_system/student_management/Client/src/components/service/StudentService.js": {"path":"/Users/jalpa/Documents/Student _Management_system/student_management/Client/src/components/service/StudentService.js","statementMap":{"0":{"start":{"line":10,"column":59},"end":{"line":10,"column":70}},"1":{"start":{"line":11,"column":21},"end":{"line":11,"column":34}},"2":{"start":{"line":15,"column":23},"end":{"line":35,"column":5}},"3":{"start":{"line":16,"column":8},"end":{"line":34,"column":9}},"4":{"start":{"line":18,"column":16},"end":{"line":18,"column":79}},"5":{"start":{"line":19,"column":16},"end":{"line":19,"column":22}},"6":{"start":{"line":21,"column":16},"end":{"line":21,"column":37}},"7":{"start":{"line":22,"column":16},"end":{"line":22,"column":22}},"8":{"start":{"line":24,"column":16},"end":{"line":24,"column":40}},"9":{"start":{"line":25,"column":16},"end":{"line":25,"column":22}},"10":{"start":{"line":27,"column":16},"end":{"line":27,"column":82}},"11":{"start":{"line":28,"column":16},"end":{"line":28,"column":22}},"12":{"start":{"line":30,"column":16},"end":{"line":30,"column":87}},"13":{"start":{"line":31,"column":16},"end":{"line":31,"column":22}},"14":{"start":{"line":33,"column":16},"end":{"line":33,"column":22}},"15":{"start":{"line":36,"column":4},"end":{"line":60,"column":5}},"16":{"start":{"line":43,"column":28},"end":{"line":48,"column":29}},"17":{"start":{"line":44,"column":89},"end":{"line":44,"column":105}}},"fnMap":{"0":{"name":"StudentService","decl":{"start":{"line":9,"column":9},"end":{"line":9,"column":23}},"loc":{"start":{"line":9,"column":31},"end":{"line":61,"column":1}},"line":9},"1":{"name":"(anonymous_1)","decl":{"start":{"line":15,"column":23},"end":{"line":15,"column":24}},"loc":{"start":{"line":15,"column":33},"end":{"line":35,"column":5}},"line":15},"2":{"name":"(anonymous_2)","decl":{"start":{"line":42,"column":41},"end":{"line":42,"column":42}},"loc":{"start":{"line":42,"column":58},"end":{"line":49,"column":25}},"line":42},"3":{"name":"(anonymous_3)","decl":{"start":{"line":44,"column":83},"end":{"line":44,"column":84}},"loc":{"start":{"line":44,"column":89},"end":{"line":44,"column":105}},"line":44}},"branchMap":{"0":{"loc":{"start":{"line":16,"column":8},"end":{"line":34,"column":9}},"type":"switch","locations":[{"start":{"line":17,"column":12},"end":{"line":19,"column":22}},{"start":{"line":20,"column":12},"end":{"line":22,"column":22}},{"start":{"line":23,"column":12},"end":{"line":25,"column":22}},{"start":{"line":26,"column":12},"end":{"line":28,"column":22}},{"start":{"line":29,"column":12},"end":{"line":31,"column":22}},{"start":{"line":32,"column":12},"end":{"line":33,"column":22}}],"line":16},"1":{"loc":{"start":{"line":57,"column":13},"end":{"line":57,"column":89}},"type":"binary-expr","locations":[{"start":{"line":57,"column":13},"end":{"line":57,"column":20}},{"start":{"line":57,"column":24},"end":{"line":57,"column":89}}],"line":57},"2":{"loc":{"start":{"line":58,"column":13},"end":{"line":58,"column":131}},"type":"binary-expr","locations":[{"start":{"line":58,"column":13},"end":{"line":58,"column":23}},{"start":{"line":58,"column":27},"end":{"line":58,"column":131}}],"line":58}},"s":{"0":1,"1":1,"2":1,"3":0,"4":0,"5":0,"6":0,"7":0,"8":0,"9":0,"10":0,"11":0,"12":0,"13":0,"14":0,"15":1,"16":8,"17":0},"f":{"0":1,"1":0,"2":8,"3":0},"b":{"0":[0,0,0,0,0,0],"1":[1,0],"2":[1,0]},"_coverageSchema":"1a1c01bbd47fc00a2c39e90264f33305004495a9","hash":"274d711f241a07e46fabf163e114faa10f830083"}
,"/Users/jalpa/Documents/Student _Management_system/student_management/Client/src/components/teacher/HomeworkListing.js": {"path":"/Users/jalpa/Documents/Student _Management_system/student_management/Client/src/components/teacher/HomeworkListing.js","statementMap":{"0":{"start":{"line":7,"column":36},"end":{"line":7,"column":48}},"1":{"start":{"line":9,"column":19},"end":{"line":15,"column":5}},"2":{"start":{"line":10,"column":8},"end":{"line":14,"column":9}},"3":{"start":{"line":11,"column":12},"end":{"line":11,"column":81}},"4":{"start":{"line":13,"column":12},"end":{"line":13,"column":82}},"5":{"start":{"line":16,"column":4},"end":{"line":52,"column":5}},"6":{"start":{"line":32,"column":40},"end":{"line":41,"column":41}},"7":{"start":{"line":57,"column":13},"end":{"line":68,"column":1}}},"fnMap":{"0":{"name":"HomeworkListing","decl":{"start":{"line":6,"column":9},"end":{"line":6,"column":24}},"loc":{"start":{"line":6,"column":32},"end":{"line":53,"column":1}},"line":6},"1":{"name":"(anonymous_1)","decl":{"start":{"line":9,"column":19},"end":{"line":9,"column":20}},"loc":{"start":{"line":9,"column":31},"end":{"line":15,"column":5}},"line":9},"2":{"name":"(anonymous_2)","decl":{"start":{"line":31,"column":45},"end":{"line":31,"column":46}},"loc":{"start":{"line":31,"column":55},"end":{"line":42,"column":37}},"line":31}},"branchMap":{"0":{"loc":{"start":{"line":10,"column":8},"end":{"line":14,"column":9}},"type":"if","locations":[{"start":{"line":10,"column":8},"end":{"line":14,"column":9}},{"start":{"line":12,"column":15},"end":{"line":14,"column":9}}],"line":10},"1":{"loc":{"start":{"line":19,"column":16},"end":{"line":49,"column":26}},"type":"cond-expr","locations":[{"start":{"line":20,"column":20},"end":{"line":22,"column":26}},{"start":{"line":24,"column":20},"end":{"line":49,"column":26}}],"line":19},"2":{"loc":{"start":{"line":30,"column":32},"end":{"line":46,"column":42}},"type":"cond-expr","locations":[{"start":{"line":31,"column":36},"end":{"line":42,"column":38}},{"start":{"line":44,"column":36},"end":{"line":46,"column":42}}],"line":30}},"s":{"0":0,"1":0,"2":0,"3":0,"4":0,"5":0,"6":0,"7":1},"f":{"0":0,"1":0,"2":0},"b":{"0":[0,0],"1":[0,0],"2":[0,0]},"_coverageSchema":"1a1c01bbd47fc00a2c39e90264f33305004495a9","hash":"3b19bd24ac917d9a43766bce32271556ed42d48c"}
,"/Users/jalpa/Documents/Student _Management_system/student_management/Client/src/components/teacher/LeftCard.js": {"path":"/Users/jalpa/Documents/Student _Management_system/student_management/Client/src/components/teacher/LeftCard.js","statementMap":{"0":{"start":{"line":6,"column":25},"end":{"line":10,"column":5}},"1":{"start":{"line":11,"column":25},"end":{"line":24,"column":5}},"2":{"start":{"line":12,"column":8},"end":{"line":23,"column":9}},"3":{"start":{"line":14,"column":16},"end":{"line":14,"column":65}},"4":{"start":{"line":16,"column":16},"end":{"line":16,"column":65}},"5":{"start":{"line":18,"column":16},"end":{"line":18,"column":65}},"6":{"start":{"line":20,"column":16},"end":{"line":20,"column":35}},"7":{"start":{"line":22,"column":16},"end":{"line":22,"column":71}},"8":{"start":{"line":26,"column":30},"end":{"line":26,"column":68}},"9":{"start":{"line":29,"column":8},"end":{"line":32,"column":11}},"10":{"start":{"line":35,"column":24},"end":{"line":52,"column":5}},"11":{"start":{"line":36,"column":8},"end":{"line":36,"column":31}},"12":{"start":{"line":37,"column":21},"end":{"line":41,"column":9}},"13":{"start":{"line":42,"column":8},"end":{"line":51,"column":9}},"14":{"start":{"line":43,"column":12},"end":{"line":48,"column":13}},"15":{"start":{"line":44,"column":16},"end":{"line":46,"column":18}},"16":{"start":{"line":47,"column":16},"end":{"line":47,"column":71}},"17":{"start":{"line":50,"column":23},"end":{"line":50,"column":39}},"18":{"start":{"line":55,"column":4},"end":{"line":72,"column":5}},"19":{"start":{"line":60,"column":77},"end":{"line":60,"column":130}},"20":{"start":{"line":65,"column":92},"end":{"line":65,"column":144}}},"fnMap":{"0":{"name":"LeftCard","decl":{"start":{"line":5,"column":9},"end":{"line":5,"column":17}},"loc":{"start":{"line":5,"column":20},"end":{"line":73,"column":1}},"line":5},"1":{"name":"(anonymous_1)","decl":{"start":{"line":11,"column":25},"end":{"line":11,"column":26}},"loc":{"start":{"line":11,"column":44},"end":{"line":24,"column":5}},"line":11},"2":{"name":"handleInputChange","decl":{"start":{"line":28,"column":13},"end":{"line":28,"column":30}},"loc":{"start":{"line":28,"column":48},"end":{"line":33,"column":5}},"line":28},"3":{"name":"(anonymous_3)","decl":{"start":{"line":35,"column":24},"end":{"line":35,"column":25}},"loc":{"start":{"line":35,"column":35},"end":{"line":52,"column":5}},"line":35},"4":{"name":"(anonymous_4)","decl":{"start":{"line":42,"column":53},"end":{"line":42,"column":54}},"loc":{"start":{"line":42,"column":62},"end":{"line":49,"column":9}},"line":42},"5":{"name":"(anonymous_5)","decl":{"start":{"line":50,"column":12},"end":{"line":50,"column":13}},"loc":{"start":{"line":50,"column":21},"end":{"line":50,"column":41}},"line":50},"6":{"name":"(anonymous_6)","decl":{"start":{"line":60,"column":66},"end":{"line":60,"column":67}},"loc":{"start":{"line":60,"column":77},"end":{"line":60,"column":130}},"line":60},"7":{"name":"(anonymous_7)","decl":{"start":{"line":65,"column":81},"end":{"line":65,"column":82}},"loc":{"start":{"line":65,"column":92},"end":{"line":65,"column":144}},"line":65}},"branchMap":{"0":{"loc":{"start":{"line":12,"column":8},"end":{"line":23,"column":9}},"type":"switch","locations":[{"start":{"line":13,"column":12},"end":{"line":14,"column":65}},{"start":{"line":15,"column":12},"end":{"line":16,"column":65}},{"start":{"line":17,"column":12},"end":{"line":18,"column":65}},{"start":{"line":19,"column":12},"end":{"line":20,"column":35}},{"start":{"line":21,"column":12},"end":{"line":22,"column":71}}],"line":12},"1":{"loc":{"start":{"line":43,"column":12},"end":{"line":48,"column":13}},"type":"if","locations":[{"start":{"line":43,"column":12},"end":{"line":48,"column":13}},{"start":{},"end":{}}],"line":43}},"s":{"0":0,"1":0,"2":0,"3":0,"4":0,"5":0,"6":0,"7":0,"8":0,"9":0,"10":0,"11":0,"12":0,"13":0,"14":0,"15":0,"16":0,"17":0,"18":0,"19":0,"20":0},"f":{"0":0,"1":0,"2":0,"3":0,"4":0,"5":0,"6":0,"7":0},"b":{"0":[0,0,0,0,0],"1":[0,0]},"_coverageSchema":"1a1c01bbd47fc00a2c39e90264f33305004495a9","hash":"5c540d46b245babd2d852fa18a23d3703667b166"}
,"/Users/jalpa/Documents/Student _Management_system/student_management/Client/src/components/teacher/RightCard.js": {"path":"/Users/jalpa/Documents/Student _Management_system/student_management/Client/src/components/teacher/RightCard.js","statementMap":{"0":{"start":{"line":7,"column":28},"end":{"line":7,"column":46}},"1":{"start":{"line":9,"column":4},"end":{"line":11,"column":10}},"2":{"start":{"line":10,"column":8},"end":{"line":10,"column":24}},"3":{"start":{"line":13,"column":27},"end":{"line":23,"column":5}},"4":{"start":{"line":14,"column":26},"end":{"line":14,"column":52}},"5":{"start":{"line":15,"column":8},"end":{"line":22,"column":9}},"6":{"start":{"line":16,"column":12},"end":{"line":19,"column":13}},"7":{"start":{"line":17,"column":16},"end":{"line":17,"column":75}},"8":{"start":{"line":18,"column":16},"end":{"line":18,"column":33}},"9":{"start":{"line":21,"column":23},"end":{"line":21,"column":39}},"10":{"start":{"line":24,"column":4},"end":{"line":39,"column":5}},"11":{"start":{"line":31,"column":28},"end":{"line":33,"column":29}}},"fnMap":{"0":{"name":"RightCard","decl":{"start":{"line":6,"column":9},"end":{"line":6,"column":18}},"loc":{"start":{"line":6,"column":21},"end":{"line":40,"column":1}},"line":6},"1":{"name":"(anonymous_1)","decl":{"start":{"line":9,"column":14},"end":{"line":9,"column":15}},"loc":{"start":{"line":9,"column":20},"end":{"line":11,"column":5}},"line":9},"2":{"name":"(anonymous_2)","decl":{"start":{"line":13,"column":27},"end":{"line":13,"column":28}},"loc":{"start":{"line":13,"column":33},"end":{"line":23,"column":5}},"line":13},"3":{"name":"(anonymous_3)","decl":{"start":{"line":15,"column":57},"end":{"line":15,"column":58}},"loc":{"start":{"line":15,"column":66},"end":{"line":20,"column":9}},"line":15},"4":{"name":"(anonymous_4)","decl":{"start":{"line":21,"column":12},"end":{"line":21,"column":13}},"loc":{"start":{"line":21,"column":21},"end":{"line":21,"column":41}},"line":21},"5":{"name":"(anonymous_5)","decl":{"start":{"line":30,"column":53},"end":{"line":30,"column":54}},"loc":{"start":{"line":30,"column":63},"end":{"line":34,"column":25}},"line":30}},"branchMap":{"0":{"loc":{"start":{"line":16,"column":12},"end":{"line":19,"column":13}},"type":"if","locations":[{"start":{"line":16,"column":12},"end":{"line":19,"column":13}},{"start":{},"end":{}}],"line":16},"1":{"loc":{"start":{"line":30,"column":24},"end":{"line":34,"column":26}},"type":"binary-expr","locations":[{"start":{"line":30,"column":24},"end":{"line":30,"column":40}},{"start":{"line":30,"column":44},"end":{"line":34,"column":26}}],"line":30}},"s":{"0":0,"1":0,"2":0,"3":0,"4":0,"5":0,"6":0,"7":0,"8":0,"9":0,"10":0,"11":0},"f":{"0":0,"1":0,"2":0,"3":0,"4":0,"5":0},"b":{"0":[0,0],"1":[0,0]},"_coverageSchema":"1a1c01bbd47fc00a2c39e90264f33305004495a9","hash":"2609002b7eebe4efb0dcb58d1606ef2115144045"}
,"/Users/jalpa/Documents/Student _Management_system/student_management/Client/src/route/AppRoute.js": {"path":"/Users/jalpa/Documents/Student _Management_system/student_management/Client/src/route/AppRoute.js","statementMap":{"0":{"start":{"line":18,"column":38},"end":{"line":18,"column":59}},"1":{"start":{"line":19,"column":19},"end":{"line":24,"column":5}},"2":{"start":{"line":21,"column":12},"end":{"line":21,"column":32}},"3":{"start":{"line":25,"column":4},"end":{"line":30,"column":10}},"4":{"start":{"line":26,"column":8},"end":{"line":26,"column":29}},"5":{"start":{"line":27,"column":8},"end":{"line":29,"column":16}},"6":{"start":{"line":28,"column":12},"end":{"line":28,"column":34}},"7":{"start":{"line":69,"column":4},"end":{"line":90,"column":5}}},"fnMap":{"0":{"name":"AppRoute","decl":{"start":{"line":17,"column":9},"end":{"line":17,"column":17}},"loc":{"start":{"line":17,"column":20},"end":{"line":91,"column":1}},"line":17},"1":{"name":"(anonymous_1)","decl":{"start":{"line":20,"column":18},"end":{"line":20,"column":19}},"loc":{"start":{"line":20,"column":30},"end":{"line":22,"column":9}},"line":20},"2":{"name":"(anonymous_2)","decl":{"start":{"line":25,"column":14},"end":{"line":25,"column":15}},"loc":{"start":{"line":25,"column":20},"end":{"line":30,"column":5}},"line":25},"3":{"name":"(anonymous_3)","decl":{"start":{"line":27,"column":19},"end":{"line":27,"column":20}},"loc":{"start":{"line":27,"column":25},"end":{"line":29,"column":9}},"line":27}},"branchMap":{"0":{"loc":{"start":{"line":71,"column":13},"end":{"line":88,"column":25}},"type":"cond-expr","locations":[{"start":{"line":72,"column":16},"end":{"line":74,"column":22}},{"start":{"line":76,"column":16},"end":{"line":88,"column":25}}],"line":71}},"s":{"0":0,"1":0,"2":0,"3":0,"4":0,"5":0,"6":0,"7":0},"f":{"0":0,"1":0,"2":0,"3":0},"b":{"0":[0,0]},"_coverageSchema":"1a1c01bbd47fc00a2c39e90264f33305004495a9","hash":"6fcd12c6b97753c17cfaf49c84d52995c70c33f1"}
,"/Users/jalpa/Documents/Student _Management_system/student_management/Client/src/screen/Teacher/Teacher.js": {"path":"/Users/jalpa/Documents/Student _Management_system/student_management/Client/src/screen/Teacher/Teacher.js","statementMap":{"0":{"start":{"line":8,"column":36},"end":{"line":8,"column":48}},"1":{"start":{"line":9,"column":4},"end":{"line":27,"column":5}}},"fnMap":{"0":{"name":"Teacher","decl":{"start":{"line":7,"column":9},"end":{"line":7,"column":16}},"loc":{"start":{"line":7,"column":24},"end":{"line":28,"column":1}},"line":7}},"branchMap":{"0":{"loc":{"start":{"line":12,"column":16},"end":{"line":24,"column":26}},"type":"cond-expr","locations":[{"start":{"line":13,"column":20},"end":{"line":15,"column":26}},{"start":{"line":17,"column":20},"end":{"line":24,"column":26}}],"line":12}},"s":{"0":0,"1":0},"f":{"0":0},"b":{"0":[0,0]},"_coverageSchema":"1a1c01bbd47fc00a2c39e90264f33305004495a9","hash":"72df40118f3da0823e609715364259cc5211dca1"}
,"/Users/jalpa/Documents/Student _Management_system/student_management/Client/src/screen/attendanceCalendar/AttendanceCalendar.js": {"path":"/Users/jalpa/Documents/Student _Management_system/student_management/Client/src/screen/attendanceCalendar/AttendanceCalendar.js","statementMap":{"0":{"start":{"line":11,"column":29},"end":{"line":11,"column":34}},"1":{"start":{"line":12,"column":30},"end":{"line":12,"column":50}},"2":{"start":{"line":13,"column":28},"end":{"line":13,"column":40}},"3":{"start":{"line":15,"column":18},"end":{"line":19,"column":5}},"4":{"start":{"line":21,"column":4},"end":{"line":23,"column":10}},"5":{"start":{"line":22,"column":8},"end":{"line":22,"column":22}},"6":{"start":{"line":25,"column":25},"end":{"line":35,"column":5}},"7":{"start":{"line":26,"column":23},"end":{"line":26,"column":25}},"8":{"start":{"line":27,"column":8},"end":{"line":34,"column":9}},"9":{"start":{"line":28,"column":12},"end":{"line":31,"column":37}},"10":{"start":{"line":29,"column":16},"end":{"line":29,"column":33}},"11":{"start":{"line":31,"column":19},"end":{"line":31,"column":37}},"12":{"start":{"line":33,"column":21},"end":{"line":33,"column":37}},"13":{"start":{"line":37,"column":24},"end":{"line":78,"column":5}},"14":{"start":{"line":38,"column":8},"end":{"line":77,"column":9}},"15":{"start":{"line":38,"column":27},"end":{"line":38,"column":70}},"16":{"start":{"line":39,"column":25},"end":{"line":39,"column":27}},"17":{"start":{"line":40,"column":12},"end":{"line":56,"column":14}},"18":{"start":{"line":41,"column":16},"end":{"line":41,"column":31}},"19":{"start":{"line":42,"column":37},"end":{"line":42,"column":79}},"20":{"start":{"line":43,"column":38},"end":{"line":43,"column":79}},"21":{"start":{"line":44,"column":31},"end":{"line":44,"column":51}},"22":{"start":{"line":45,"column":35},"end":{"line":45,"column":56}},"23":{"start":{"line":46,"column":20},"end":{"line":46,"column":51}},"24":{"start":{"line":47,"column":20},"end":{"line":55,"column":22}},"25":{"start":{"line":48,"column":24},"end":{"line":54,"column":25}},"26":{"start":{"line":50,"column":28},"end":{"line":50,"column":46}},"27":{"start":{"line":53,"column":28},"end":{"line":53,"column":49}},"28":{"start":{"line":75,"column":13},"end":{"line":77,"column":9}},"29":{"start":{"line":76,"column":12},"end":{"line":76,"column":28}},"30":{"start":{"line":81,"column":4},"end":{"line":112,"column":6}},"31":{"start":{"line":87,"column":50},"end":{"line":87,"column":65}},"32":{"start":{"line":93,"column":63},"end":{"line":93,"column":86}},"33":{"start":{"line":100,"column":28},"end":{"line":105,"column":29}}},"fnMap":{"0":{"name":"AttendanceCalendar","decl":{"start":{"line":10,"column":9},"end":{"line":10,"column":27}},"loc":{"start":{"line":10,"column":35},"end":{"line":113,"column":1}},"line":10},"1":{"name":"(anonymous_1)","decl":{"start":{"line":21,"column":14},"end":{"line":21,"column":15}},"loc":{"start":{"line":21,"column":20},"end":{"line":23,"column":5}},"line":21},"2":{"name":"(anonymous_2)","decl":{"start":{"line":25,"column":25},"end":{"line":25,"column":26}},"loc":{"start":{"line":25,"column":31},"end":{"line":35,"column":5}},"line":25},"3":{"name":"(anonymous_3)","decl":{"start":{"line":27,"column":44},"end":{"line":27,"column":45}},"loc":{"start":{"line":27,"column":53},"end":{"line":32,"column":9}},"line":27},"4":{"name":"(anonymous_4)","decl":{"start":{"line":33,"column":12},"end":{"line":33,"column":13}},"loc":{"start":{"line":33,"column":21},"end":{"line":33,"column":37}},"line":33},"5":{"name":"(anonymous_5)","decl":{"start":{"line":37,"column":24},"end":{"line":37,"column":25}},"loc":{"start":{"line":37,"column":40},"end":{"line":78,"column":5}},"line":37},"6":{"name":"(anonymous_6)","decl":{"start":{"line":38,"column":22},"end":{"line":38,"column":23}},"loc":{"start":{"line":38,"column":27},"end":{"line":38,"column":70}},"line":38},"7":{"name":"(anonymous_7)","decl":{"start":{"line":40,"column":22},"end":{"line":40,"column":23}},"loc":{"start":{"line":40,"column":27},"end":{"line":56,"column":13}},"line":40},"8":{"name":"(anonymous_8)","decl":{"start":{"line":47,"column":29},"end":{"line":47,"column":30}},"loc":{"start":{"line":47,"column":46},"end":{"line":55,"column":21}},"line":47},"9":{"name":"(anonymous_9)","decl":{"start":{"line":87,"column":44},"end":{"line":87,"column":45}},"loc":{"start":{"line":87,"column":50},"end":{"line":87,"column":65}},"line":87},"10":{"name":"(anonymous_10)","decl":{"start":{"line":93,"column":43},"end":{"line":93,"column":44}},"loc":{"start":{"line":93,"column":63},"end":{"line":93,"column":86}},"line":93},"11":{"name":"(anonymous_11)","decl":{"start":{"line":99,"column":34},"end":{"line":99,"column":35}},"loc":{"start":{"line":99,"column":51},"end":{"line":106,"column":25}},"line":99}},"branchMap":{"0":{"loc":{"start":{"line":28,"column":12},"end":{"line":31,"column":37}},"type":"if","locations":[{"start":{"line":28,"column":12},"end":{"line":31,"column":37}},{"start":{"line":31,"column":19},"end":{"line":31,"column":37}}],"line":28},"1":{"loc":{"start":{"line":38,"column":8},"end":{"line":77,"column":9}},"type":"if","locations":[{"start":{"line":38,"column":8},"end":{"line":77,"column":9}},{"start":{"line":75,"column":13},"end":{"line":77,"column":9}}],"line":38},"2":{"loc":{"start":{"line":48,"column":24},"end":{"line":54,"column":25}},"type":"if","locations":[{"start":{"line":48,"column":24},"end":{"line":54,"column":25}},{"start":{"line":51,"column":31},"end":{"line":54,"column":25}}],"line":48},"3":{"loc":{"start":{"line":75,"column":13},"end":{"line":77,"column":9}},"type":"if","locations":[{"start":{"line":75,"column":13},"end":{"line":77,"column":9}},{"start":{},"end":{}}],"line":75},"4":{"loc":{"start":{"line":75,"column":17},"end":{"line":75,"column":103}},"type":"binary-expr","locations":[{"start":{"line":75,"column":17},"end":{"line":75,"column":57}},{"start":{"line":75,"column":61},"end":{"line":75,"column":103}}],"line":75}},"s":{"0":1,"1":1,"2":1,"3":1,"4":1,"5":0,"6":1,"7":0,"8":0,"9":0,"10":0,"11":0,"12":0,"13":1,"14":35,"15":0,"16":0,"17":0,"18":0,"19":0,"20":0,"21":0,"22":0,"23":0,"24":0,"25":0,"26":0,"27":0,"28":35,"29":10,"30":1,"31":0,"32":35,"33":3},"f":{"0":1,"1":0,"2":0,"3":0,"4":0,"5":35,"6":0,"7":0,"8":0,"9":0,"10":35,"11":3},"b":{"0":[0,0],"1":[0,35],"2":[0,0],"3":[10,25],"4":[35,30]},"_coverageSchema":"1a1c01bbd47fc00a2c39e90264f33305004495a9","hash":"12e5f4cc6639a0696a6d019cfc6223e3b836a338"}
,"/Users/jalpa/Documents/Student _Management_system/student_management/Client/src/screen/home/Home.js": {"path":"/Users/jalpa/Documents/Student _Management_system/student_management/Client/src/screen/home/Home.js","statementMap":{"0":{"start":{"line":13,"column":36},"end":{"line":13,"column":48}},"1":{"start":{"line":14,"column":21},"end":{"line":14,"column":61}},"2":{"start":{"line":16,"column":32},"end":{"line":16,"column":53}},"3":{"start":{"line":17,"column":38},"end":{"line":17,"column":59}},"4":{"start":{"line":19,"column":18},"end":{"line":24,"column":5}},"5":{"start":{"line":26,"column":4},"end":{"line":47,"column":5}}},"fnMap":{"0":{"name":"Home","decl":{"start":{"line":11,"column":9},"end":{"line":11,"column":13}},"loc":{"start":{"line":11,"column":21},"end":{"line":48,"column":1}},"line":11}},"branchMap":{"0":{"loc":{"start":{"line":29,"column":16},"end":{"line":44,"column":26}},"type":"cond-expr","locations":[{"start":{"line":30,"column":20},"end":{"line":32,"column":26}},{"start":{"line":34,"column":20},"end":{"line":44,"column":26}}],"line":29}},"s":{"0":1,"1":1,"2":1,"3":1,"4":1,"5":1},"f":{"0":1},"b":{"0":[1,0]},"_coverageSchema":"1a1c01bbd47fc00a2c39e90264f33305004495a9","hash":"460ce3c3620147e79d1e88b4aa197eef4cf91df9"}
,"/Users/jalpa/Documents/Student _Management_system/student_management/Client/src/screen/leave/LeaveApplication.js": {"path":"/Users/jalpa/Documents/Student _Management_system/student_management/Client/src/screen/leave/LeaveApplication.js","statementMap":{"0":{"start":{"line":11,"column":34},"end":{"line":11,"column":46}},"1":{"start":{"line":13,"column":19},"end":{"line":13,"column":32}},"2":{"start":{"line":14,"column":19},"end":{"line":14,"column":32}},"3":{"start":{"line":16,"column":23},"end":{"line":22,"column":3}},"4":{"start":{"line":23,"column":23},"end":{"line":32,"column":3}},"5":{"start":{"line":24,"column":4},"end":{"line":31,"column":5}},"6":{"start":{"line":26,"column":8},"end":{"line":26,"column":72}},"7":{"start":{"line":28,"column":8},"end":{"line":28,"column":27}},"8":{"start":{"line":30,"column":8},"end":{"line":30,"column":63}},"9":{"start":{"line":33,"column":28},"end":{"line":33,"column":66}},"10":{"start":{"line":35,"column":22},"end":{"line":61,"column":3}},"11":{"start":{"line":36,"column":4},"end":{"line":36,"column":18}},"12":{"start":{"line":37,"column":4},"end":{"line":37,"column":27}},"13":{"start":{"line":38,"column":17},"end":{"line":44,"column":5}},"14":{"start":{"line":45,"column":4},"end":{"line":60,"column":5}},"15":{"start":{"line":46,"column":6},"end":{"line":54,"column":7}},"16":{"start":{"line":47,"column":8},"end":{"line":47,"column":25}},"17":{"start":{"line":48,"column":8},"end":{"line":48,"column":25}},"18":{"start":{"line":49,"column":8},"end":{"line":49,"column":23}},"19":{"start":{"line":52,"column":8},"end":{"line":52,"column":23}},"20":{"start":{"line":53,"column":8},"end":{"line":53,"column":26}},"21":{"start":{"line":57,"column":8},"end":{"line":57,"column":25}},"22":{"start":{"line":58,"column":8},"end":{"line":58,"column":23}},"23":{"start":{"line":62,"column":15},"end":{"line":62,"column":95}},"24":{"start":{"line":64,"column":2},"end":{"line":96,"column":3}}},"fnMap":{"0":{"name":"LeaveApplication","decl":{"start":{"line":10,"column":9},"end":{"line":10,"column":25}},"loc":{"start":{"line":10,"column":33},"end":{"line":97,"column":1}},"line":10},"1":{"name":"(anonymous_1)","decl":{"start":{"line":23,"column":23},"end":{"line":23,"column":24}},"loc":{"start":{"line":23,"column":42},"end":{"line":32,"column":3}},"line":23},"2":{"name":"(anonymous_2)","decl":{"start":{"line":35,"column":22},"end":{"line":35,"column":23}},"loc":{"start":{"line":35,"column":33},"end":{"line":61,"column":3}},"line":35},"3":{"name":"(anonymous_3)","decl":{"start":{"line":45,"column":43},"end":{"line":45,"column":44}},"loc":{"start":{"line":45,"column":52},"end":{"line":55,"column":5}},"line":45},"4":{"name":"(anonymous_4)","decl":{"start":{"line":56,"column":6},"end":{"line":56,"column":7}},"loc":{"start":{"line":56,"column":15},"end":{"line":59,"column":7}},"line":56}},"branchMap":{"0":{"loc":{"start":{"line":24,"column":4},"end":{"line":31,"column":5}},"type":"switch","locations":[{"start":{"line":25,"column":6},"end":{"line":26,"column":72}},{"start":{"line":27,"column":6},"end":{"line":28,"column":27}},{"start":{"line":29,"column":6},"end":{"line":30,"column":63}}],"line":24},"1":{"loc":{"start":{"line":46,"column":6},"end":{"line":54,"column":7}},"type":"if","locations":[{"start":{"line":46,"column":6},"end":{"line":54,"column":7}},{"start":{"line":51,"column":11},"end":{"line":54,"column":7}}],"line":46},"2":{"loc":{"start":{"line":90,"column":65},"end":{"line":90,"column":80}},"type":"cond-expr","locations":[{"start":{"line":90,"column":72},"end":{"line":90,"column":76}},{"start":{"line":90,"column":79},"end":{"line":90,"column":80}}],"line":90}},"s":{"0":9,"1":9,"2":9,"3":9,"4":9,"5":8,"6":8,"7":0,"8":0,"9":9,"10":9,"11":0,"12":0,"13":0,"14":0,"15":0,"16":0,"17":0,"18":0,"19":0,"20":0,"21":0,"22":0,"23":9,"24":9},"f":{"0":9,"1":8,"2":0,"3":0,"4":0},"b":{"0":[8,0,0],"1":[0,0],"2":[0,9]},"_coverageSchema":"1a1c01bbd47fc00a2c39e90264f33305004495a9","hash":"304a3e871faf5cb3385ad4ff4693f7573e7972f9"}
,"/Users/jalpa/Documents/Student _Management_system/student_management/Client/src/screen/leavestatus/LeaveStatus.js": {"path":"/Users/jalpa/Documents/Student _Management_system/student_management/Client/src/screen/leavestatus/LeaveStatus.js","statementMap":{"0":{"start":{"line":11,"column":28},"end":{"line":11,"column":40}},"1":{"start":{"line":12,"column":21},"end":{"line":12,"column":34}},"2":{"start":{"line":14,"column":4},"end":{"line":16,"column":10}},"3":{"start":{"line":15,"column":8},"end":{"line":15,"column":21}},"4":{"start":{"line":19,"column":24},"end":{"line":27,"column":5}},"5":{"start":{"line":20,"column":21},"end":{"line":20,"column":38}},"6":{"start":{"line":21,"column":8},"end":{"line":26,"column":38}},"7":{"start":{"line":22,"column":12},"end":{"line":24,"column":37}},"8":{"start":{"line":23,"column":16},"end":{"line":23,"column":33}},"9":{"start":{"line":24,"column":19},"end":{"line":24,"column":37}},"10":{"start":{"line":26,"column":21},"end":{"line":26,"column":37}},"11":{"start":{"line":28,"column":22},"end":{"line":31,"column":5}},"12":{"start":{"line":29,"column":21},"end":{"line":29,"column":66}},"13":{"start":{"line":30,"column":8},"end":{"line":30,"column":23}},"14":{"start":{"line":32,"column":4},"end":{"line":74,"column":5}},"15":{"start":{"line":53,"column":44},"end":{"line":61,"column":45}}},"fnMap":{"0":{"name":"LeaveStatus","decl":{"start":{"line":10,"column":9},"end":{"line":10,"column":20}},"loc":{"start":{"line":10,"column":23},"end":{"line":75,"column":1}},"line":10},"1":{"name":"(anonymous_1)","decl":{"start":{"line":14,"column":14},"end":{"line":14,"column":15}},"loc":{"start":{"line":14,"column":20},"end":{"line":16,"column":5}},"line":14},"2":{"name":"(anonymous_2)","decl":{"start":{"line":19,"column":24},"end":{"line":19,"column":25}},"loc":{"start":{"line":19,"column":30},"end":{"line":27,"column":5}},"line":19},"3":{"name":"(anonymous_3)","decl":{"start":{"line":21,"column":48},"end":{"line":21,"column":49}},"loc":{"start":{"line":21,"column":57},"end":{"line":25,"column":9}},"line":21},"4":{"name":"(anonymous_4)","decl":{"start":{"line":26,"column":12},"end":{"line":26,"column":13}},"loc":{"start":{"line":26,"column":21},"end":{"line":26,"column":37}},"line":26},"5":{"name":"(anonymous_5)","decl":{"start":{"line":28,"column":22},"end":{"line":28,"column":23}},"loc":{"start":{"line":28,"column":44},"end":{"line":31,"column":5}},"line":28},"6":{"name":"(anonymous_6)","decl":{"start":{"line":52,"column":50},"end":{"line":52,"column":51}},"loc":{"start":{"line":52,"column":67},"end":{"line":62,"column":41}},"line":52}},"branchMap":{"0":{"loc":{"start":{"line":22,"column":12},"end":{"line":24,"column":37}},"type":"if","locations":[{"start":{"line":22,"column":12},"end":{"line":24,"column":37}},{"start":{"line":24,"column":19},"end":{"line":24,"column":37}}],"line":22},"1":{"loc":{"start":{"line":42,"column":28},"end":{"line":68,"column":38}},"type":"cond-expr","locations":[{"start":{"line":43,"column":32},"end":{"line":64,"column":40}},{"start":{"line":66,"column":32},"end":{"line":68,"column":38}}],"line":42},"2":{"loc":{"start":{"line":42,"column":28},"end":{"line":42,"column":51}},"type":"binary-expr","locations":[{"start":{"line":42,"column":28},"end":{"line":42,"column":32}},{"start":{"line":42,"column":36},"end":{"line":42,"column":51}}],"line":42}},"s":{"0":0,"1":0,"2":0,"3":0,"4":0,"5":0,"6":0,"7":0,"8":0,"9":0,"10":0,"11":0,"12":0,"13":0,"14":0,"15":0},"f":{"0":0,"1":0,"2":0,"3":0,"4":0,"5":0,"6":0},"b":{"0":[0,0],"1":[0,0],"2":[0,0]},"_coverageSchema":"1a1c01bbd47fc00a2c39e90264f33305004495a9","hash":"380c2c83301f35de3c1fd8d82c3028ea85aa3c51"}
,"/Users/jalpa/Documents/Student _Management_system/student_management/Client/src/screen/login/Login.js": {"path":"/Users/jalpa/Documents/Student _Management_system/student_management/Client/src/screen/login/Login.js","statementMap":{"0":{"start":{"line":14,"column":36},"end":{"line":14,"column":48}},"1":{"start":{"line":16,"column":23},"end":{"line":19,"column":5}},"2":{"start":{"line":21,"column":20},"end":{"line":30,"column":5}},"3":{"start":{"line":22,"column":8},"end":{"line":29,"column":9}},"4":{"start":{"line":24,"column":16},"end":{"line":24,"column":80}},"5":{"start":{"line":26,"column":16},"end":{"line":26,"column":33}},"6":{"start":{"line":28,"column":16},"end":{"line":28,"column":71}},"7":{"start":{"line":31,"column":30},"end":{"line":31,"column":61}},"8":{"start":{"line":32,"column":21},"end":{"line":32,"column":34}},"9":{"start":{"line":33,"column":18},"end":{"line":56,"column":5}},"10":{"start":{"line":34,"column":8},"end":{"line":34,"column":31}},"11":{"start":{"line":35,"column":8},"end":{"line":35,"column":22}},"12":{"start":{"line":36,"column":21},"end":{"line":39,"column":9}},"13":{"start":{"line":40,"column":8},"end":{"line":55,"column":14}},"14":{"start":{"line":41,"column":12},"end":{"line":50,"column":13}},"15":{"start":{"line":42,"column":16},"end":{"line":42,"column":37}},"16":{"start":{"line":43,"column":16},"end":{"line":43,"column":74}},"17":{"start":{"line":44,"column":16},"end":{"line":44,"column":33}},"18":{"start":{"line":45,"column":16},"end":{"line":45,"column":43}},"19":{"start":{"line":46,"column":16},"end":{"line":46,"column":31}},"20":{"start":{"line":48,"column":16},"end":{"line":48,"column":34}},"21":{"start":{"line":49,"column":16},"end":{"line":49,"column":31}},"22":{"start":{"line":53,"column":16},"end":{"line":53,"column":33}},"23":{"start":{"line":54,"column":16},"end":{"line":54,"column":31}},"24":{"start":{"line":57,"column":4},"end":{"line":81,"column":5}},"25":{"start":{"line":76,"column":43},"end":{"line":76,"column":62}}},"fnMap":{"0":{"name":"Login","decl":{"start":{"line":12,"column":9},"end":{"line":12,"column":14}},"loc":{"start":{"line":12,"column":22},"end":{"line":82,"column":1}},"line":12},"1":{"name":"(anonymous_1)","decl":{"start":{"line":21,"column":20},"end":{"line":21,"column":21}},"loc":{"start":{"line":21,"column":39},"end":{"line":30,"column":5}},"line":21},"2":{"name":"(anonymous_2)","decl":{"start":{"line":33,"column":18},"end":{"line":33,"column":19}},"loc":{"start":{"line":33,"column":29},"end":{"line":56,"column":5}},"line":33},"3":{"name":"(anonymous_3)","decl":{"start":{"line":40,"column":48},"end":{"line":40,"column":49}},"loc":{"start":{"line":40,"column":57},"end":{"line":51,"column":9}},"line":40},"4":{"name":"(anonymous_4)","decl":{"start":{"line":52,"column":12},"end":{"line":52,"column":13}},"loc":{"start":{"line":52,"column":21},"end":{"line":55,"column":13}},"line":52},"5":{"name":"(anonymous_5)","decl":{"start":{"line":76,"column":37},"end":{"line":76,"column":38}},"loc":{"start":{"line":76,"column":43},"end":{"line":76,"column":62}},"line":76}},"branchMap":{"0":{"loc":{"start":{"line":22,"column":8},"end":{"line":29,"column":9}},"type":"switch","locations":[{"start":{"line":23,"column":12},"end":{"line":24,"column":80}},{"start":{"line":25,"column":12},"end":{"line":26,"column":33}},{"start":{"line":27,"column":12},"end":{"line":28,"column":71}}],"line":22},"1":{"loc":{"start":{"line":41,"column":12},"end":{"line":50,"column":13}},"type":"if","locations":[{"start":{"line":41,"column":12},"end":{"line":50,"column":13}},{"start":{"line":47,"column":17},"end":{"line":50,"column":13}}],"line":41}},"s":{"0":1,"1":1,"2":1,"3":0,"4":0,"5":0,"6":0,"7":1,"8":1,"9":1,"10":0,"11":0,"12":0,"13":0,"14":0,"15":0,"16":0,"17":0,"18":0,"19":0,"20":0,"21":0,"22":0,"23":0,"24":1,"25":0},"f":{"0":1,"1":0,"2":0,"3":0,"4":0,"5":0},"b":{"0":[0,0,0],"1":[0,0]},"_coverageSchema":"1a1c01bbd47fc00a2c39e90264f33305004495a9","hash":"2e97219ada6a54506968fd92442d87d177205ef5"}
,"/Users/jalpa/Documents/Student _Management_system/student_management/Client/src/screen/monthlyreport/AttendanceReport.js": {"path":"/Users/jalpa/Documents/Student _Management_system/student_management/Client/src/screen/monthlyreport/AttendanceReport.js","statementMap":{"0":{"start":{"line":10,"column":15},"end":{"line":10,"column":16}},"1":{"start":{"line":13,"column":17},"end":{"line":13,"column":27}},"2":{"start":{"line":14,"column":20},"end":{"line":14,"column":34}},"3":{"start":{"line":15,"column":19},"end":{"line":15,"column":37}},"4":{"start":{"line":16,"column":21},"end":{"line":16,"column":40}},"5":{"start":{"line":17,"column":18},"end":{"line":17,"column":27}},"6":{"start":{"line":18,"column":19},"end":{"line":18,"column":28}},"7":{"start":{"line":20,"column":8},"end":{"line":23,"column":9}},"8":{"start":{"line":21,"column":12},"end":{"line":22,"column":27}},"9":{"start":{"line":22,"column":16},"end":{"line":22,"column":27}},"10":{"start":{"line":25,"column":8},"end":{"line":25,"column":34}},"11":{"start":{"line":26,"column":8},"end":{"line":26,"column":18}},"12":{"start":{"line":30,"column":24},"end":{"line":30,"column":43}},"13":{"start":{"line":31,"column":22},"end":{"line":31,"column":39}},"14":{"start":{"line":32,"column":23},"end":{"line":32,"column":42}},"15":{"start":{"line":33,"column":22},"end":{"line":33,"column":37}},"16":{"start":{"line":34,"column":22},"end":{"line":34,"column":42}},"17":{"start":{"line":35,"column":20},"end":{"line":35,"column":42}},"18":{"start":{"line":36,"column":20},"end":{"line":36,"column":37}},"19":{"start":{"line":37,"column":19},"end":{"line":37,"column":39}},"20":{"start":{"line":39,"column":8},"end":{"line":42,"column":9}},"21":{"start":{"line":45,"column":21},"end":{"line":45,"column":34}},"22":{"start":{"line":47,"column":28},"end":{"line":47,"column":40}},"23":{"start":{"line":49,"column":4},"end":{"line":51,"column":10}},"24":{"start":{"line":50,"column":8},"end":{"line":50,"column":22}},"25":{"start":{"line":53,"column":25},"end":{"line":63,"column":5}},"26":{"start":{"line":54,"column":23},"end":{"line":54,"column":40}},"27":{"start":{"line":55,"column":8},"end":{"line":62,"column":9}},"28":{"start":{"line":56,"column":12},"end":{"line":59,"column":37}},"29":{"start":{"line":57,"column":16},"end":{"line":57,"column":33}},"30":{"start":{"line":58,"column":16},"end":{"line":58,"column":38}},"31":{"start":{"line":59,"column":19},"end":{"line":59,"column":37}},"32":{"start":{"line":61,"column":21},"end":{"line":61,"column":37}},"33":{"start":{"line":64,"column":23},"end":{"line":66,"column":5}},"34":{"start":{"line":65,"column":8},"end":{"line":65,"column":46}},"35":{"start":{"line":68,"column":23},"end":{"line":76,"column":5}},"36":{"start":{"line":69,"column":25},"end":{"line":69,"column":68}},"37":{"start":{"line":70,"column":24},"end":{"line":70,"column":66}},"38":{"start":{"line":71,"column":24},"end":{"line":71,"column":46}},"39":{"start":{"line":72,"column":22},"end":{"line":72,"column":45}},"40":{"start":{"line":73,"column":18},"end":{"line":73,"column":45}},"41":{"start":{"line":74,"column":8},"end":{"line":74,"column":24}},"42":{"start":{"line":75,"column":8},"end":{"line":75,"column":44}},"43":{"start":{"line":77,"column":24},"end":{"line":84,"column":5}},"44":{"start":{"line":78,"column":8},"end":{"line":83,"column":9}},"45":{"start":{"line":79,"column":12},"end":{"line":79,"column":72}},"46":{"start":{"line":82,"column":12},"end":{"line":82,"column":61}},"47":{"start":{"line":86,"column":26},"end":{"line":86,"column":64}},"48":{"start":{"line":87,"column":19},"end":{"line":87,"column":56}},"49":{"start":{"line":88,"column":8},"end":{"line":88,"column":39}},"50":{"start":{"line":90,"column":4},"end":{"line":132,"column":5}},"51":{"start":{"line":111,"column":44},"end":{"line":119,"column":45}}},"fnMap":{"0":{"name":"AttendanceReport","decl":{"start":{"line":9,"column":9},"end":{"line":9,"column":25}},"loc":{"start":{"line":9,"column":28},"end":{"line":133,"column":1}},"line":9},"1":{"name":"Get24HourDate","decl":{"start":{"line":12,"column":13},"end":{"line":12,"column":26}},"loc":{"start":{"line":12,"column":32},"end":{"line":27,"column":5}},"line":12},"2":{"name":"getDiff","decl":{"start":{"line":29,"column":13},"end":{"line":29,"column":20}},"loc":{"start":{"line":29,"column":41},"end":{"line":43,"column":5}},"line":29},"3":{"name":"(anonymous_3)","decl":{"start":{"line":49,"column":14},"end":{"line":49,"column":15}},"loc":{"start":{"line":49,"column":20},"end":{"line":51,"column":5}},"line":49},"4":{"name":"(anonymous_4)","decl":{"start":{"line":53,"column":25},"end":{"line":53,"column":26}},"loc":{"start":{"line":53,"column":31},"end":{"line":63,"column":5}},"line":53},"5":{"name":"(anonymous_5)","decl":{"start":{"line":55,"column":44},"end":{"line":55,"column":45}},"loc":{"start":{"line":55,"column":53},"end":{"line":60,"column":9}},"line":55},"6":{"name":"(anonymous_6)","decl":{"start":{"line":61,"column":12},"end":{"line":61,"column":13}},"loc":{"start":{"line":61,"column":21},"end":{"line":61,"column":37}},"line":61},"7":{"name":"(anonymous_7)","decl":{"start":{"line":64,"column":23},"end":{"line":64,"column":24}},"loc":{"start":{"line":64,"column":33},"end":{"line":66,"column":5}},"line":64},"8":{"name":"(anonymous_8)","decl":{"start":{"line":68,"column":23},"end":{"line":68,"column":24}},"loc":{"start":{"line":68,"column":33},"end":{"line":76,"column":5}},"line":68},"9":{"name":"(anonymous_9)","decl":{"start":{"line":77,"column":24},"end":{"line":77,"column":25}},"loc":{"start":{"line":77,"column":30},"end":{"line":84,"column":5}},"line":77},"10":{"name":"getDay","decl":{"start":{"line":85,"column":13},"end":{"line":85,"column":19}},"loc":{"start":{"line":85,"column":26},"end":{"line":89,"column":5}},"line":85},"11":{"name":"(anonymous_11)","decl":{"start":{"line":110,"column":49},"end":{"line":110,"column":50}},"loc":{"start":{"line":110,"column":66},"end":{"line":120,"column":41}},"line":110}},"branchMap":{"0":{"loc":{"start":{"line":20,"column":8},"end":{"line":23,"column":9}},"type":"if","locations":[{"start":{"line":20,"column":8},"end":{"line":23,"column":9}},{"start":{},"end":{}}],"line":20},"1":{"loc":{"start":{"line":21,"column":12},"end":{"line":22,"column":27}},"type":"if","locations":[{"start":{"line":21,"column":12},"end":{"line":22,"column":27}},{"start":{},"end":{}}],"line":21},"2":{"loc":{"start":{"line":56,"column":12},"end":{"line":59,"column":37}},"type":"if","locations":[{"start":{"line":56,"column":12},"end":{"line":59,"column":37}},{"start":{"line":59,"column":19},"end":{"line":59,"column":37}}],"line":56},"3":{"loc":{"start":{"line":78,"column":8},"end":{"line":83,"column":9}},"type":"if","locations":[{"start":{"line":78,"column":8},"end":{"line":83,"column":9}},{"start":{"line":81,"column":13},"end":{"line":83,"column":9}}],"line":78},"4":{"loc":{"start":{"line":100,"column":27},"end":{"line":126,"column":38}},"type":"cond-expr","locations":[{"start":{"line":101,"column":32},"end":{"line":122,"column":40}},{"start":{"line":124,"column":32},"end":{"line":126,"column":38}}],"line":100},"5":{"loc":{"start":{"line":100,"column":27},"end":{"line":100,"column":50}},"type":"binary-expr","locations":[{"start":{"line":100,"column":27},"end":{"line":100,"column":31}},{"start":{"line":100,"column":35},"end":{"line":100,"column":50}}],"line":100}},"s":{"0":0,"1":0,"2":0,"3":0,"4":0,"5":0,"6":0,"7":0,"8":0,"9":0,"10":0,"11":0,"12":0,"13":0,"14":0,"15":0,"16":0,"17":0,"18":0,"19":0,"20":0,"21":0,"22":0,"23":0,"24":0,"25":0,"26":0,"27":0,"28":0,"29":0,"30":0,"31":0,"32":0,"33":0,"34":0,"35":0,"36":0,"37":0,"38":0,"39":0,"40":0,"41":0,"42":0,"43":0,"44":0,"45":0,"46":0,"47":0,"48":0,"49":0,"50":0,"51":0},"f":{"0":0,"1":0,"2":0,"3":0,"4":0,"5":0,"6":0,"7":0,"8":0,"9":0,"10":0,"11":0},"b":{"0":[0,0],"1":[0,0],"2":[0,0],"3":[0,0],"4":[0,0],"5":[0,0]},"_coverageSchema":"1a1c01bbd47fc00a2c39e90264f33305004495a9","hash":"e67d3e931f135906265ae83d9d4d6ef5b602c41f"}
,"/Users/jalpa/Documents/Student _Management_system/student_management/Client/src/screen/punch/Punch.js": {"path":"/Users/jalpa/Documents/Student _Management_system/student_management/Client/src/screen/punch/Punch.js","statementMap":{"0":{"start":{"line":8,"column":31},"end":{"line":8,"column":36}},"1":{"start":{"line":9,"column":36},"end":{"line":9,"column":59}},"2":{"start":{"line":10,"column":32},"end":{"line":10,"column":44}},"3":{"start":{"line":12,"column":21},"end":{"line":24,"column":5}},"4":{"start":{"line":13,"column":32},"end":{"line":13,"column":37}},"5":{"start":{"line":14,"column":8},"end":{"line":23,"column":9}},"6":{"start":{"line":16,"column":16},"end":{"line":16,"column":47}},"7":{"start":{"line":17,"column":16},"end":{"line":17,"column":22}},"8":{"start":{"line":19,"column":16},"end":{"line":19,"column":45}},"9":{"start":{"line":20,"column":16},"end":{"line":20,"column":22}},"10":{"start":{"line":22,"column":16},"end":{"line":22,"column":22}},"11":{"start":{"line":25,"column":19},"end":{"line":38,"column":5}},"12":{"start":{"line":26,"column":8},"end":{"line":26,"column":26}},"13":{"start":{"line":27,"column":23},"end":{"line":27,"column":31}},"14":{"start":{"line":28,"column":8},"end":{"line":33,"column":10}},"15":{"start":{"line":29,"column":12},"end":{"line":29,"column":32}},"16":{"start":{"line":30,"column":12},"end":{"line":30,"column":77}},"17":{"start":{"line":32,"column":12},"end":{"line":32,"column":29}},"18":{"start":{"line":34,"column":8},"end":{"line":34,"column":23}},"19":{"start":{"line":35,"column":8},"end":{"line":35,"column":21}},"20":{"start":{"line":36,"column":8},"end":{"line":36,"column":23}},"21":{"start":{"line":40,"column":4},"end":{"line":42,"column":5}},"22":{"start":{"line":41,"column":8},"end":{"line":41,"column":52}},"23":{"start":{"line":43,"column":4},"end":{"line":43,"column":66}},"24":{"start":{"line":44,"column":4},"end":{"line":74,"column":5}},"25":{"start":{"line":50,"column":50},"end":{"line":50,"column":65}},"26":{"start":{"line":54,"column":45},"end":{"line":54,"column":78}},"27":{"start":{"line":67,"column":41},"end":{"line":67,"column":76}}},"fnMap":{"0":{"name":"Punch","decl":{"start":{"line":7,"column":9},"end":{"line":7,"column":14}},"loc":{"start":{"line":7,"column":22},"end":{"line":75,"column":1}},"line":7},"1":{"name":"(anonymous_1)","decl":{"start":{"line":12,"column":21},"end":{"line":12,"column":22}},"loc":{"start":{"line":12,"column":32},"end":{"line":24,"column":5}},"line":12},"2":{"name":"(anonymous_2)","decl":{"start":{"line":25,"column":19},"end":{"line":25,"column":20}},"loc":{"start":{"line":25,"column":26},"end":{"line":38,"column":5}},"line":25},"3":{"name":"(anonymous_3)","decl":{"start":{"line":28,"column":42},"end":{"line":28,"column":43}},"loc":{"start":{"line":28,"column":51},"end":{"line":31,"column":9}},"line":28},"4":{"name":"(anonymous_4)","decl":{"start":{"line":31,"column":11},"end":{"line":31,"column":12}},"loc":{"start":{"line":31,"column":20},"end":{"line":33,"column":9}},"line":31},"5":{"name":"(anonymous_5)","decl":{"start":{"line":50,"column":44},"end":{"line":50,"column":45}},"loc":{"start":{"line":50,"column":50},"end":{"line":50,"column":65}},"line":50},"6":{"name":"(anonymous_6)","decl":{"start":{"line":54,"column":34},"end":{"line":54,"column":35}},"loc":{"start":{"line":54,"column":45},"end":{"line":54,"column":78}},"line":54},"7":{"name":"(anonymous_7)","decl":{"start":{"line":67,"column":30},"end":{"line":67,"column":31}},"loc":{"start":{"line":67,"column":41},"end":{"line":67,"column":76}},"line":67}},"branchMap":{"0":{"loc":{"start":{"line":14,"column":8},"end":{"line":23,"column":9}},"type":"switch","locations":[{"start":{"line":15,"column":12},"end":{"line":17,"column":22}},{"start":{"line":18,"column":12},"end":{"line":20,"column":22}},{"start":{"line":21,"column":12},"end":{"line":22,"column":22}}],"line":14},"1":{"loc":{"start":{"line":40,"column":4},"end":{"line":42,"column":5}},"type":"if","locations":[{"start":{"line":40,"column":4},"end":{"line":42,"column":5}},{"start":{},"end":{}}],"line":40},"2":{"loc":{"start":{"line":43,"column":13},"end":{"line":43,"column":66}},"type":"cond-expr","locations":[{"start":{"line":43,"column":53},"end":{"line":43,"column":57}},{"start":{"line":43,"column":60},"end":{"line":43,"column":66}}],"line":43},"3":{"loc":{"start":{"line":43,"column":13},"end":{"line":43,"column":50}},"type":"binary-expr","locations":[{"start":{"line":43,"column":13},"end":{"line":43,"column":32}},{"start":{"line":43,"column":36},"end":{"line":43,"column":50}}],"line":43},"4":{"loc":{"start":{"line":71,"column":68},"end":{"line":71,"column":101}},"type":"cond-expr","locations":[{"start":{"line":71,"column":77},"end":{"line":71,"column":87}},{"start":{"line":71,"column":90},"end":{"line":71,"column":101}}],"line":71}},"s":{"0":11,"1":11,"2":11,"3":11,"4":6,"5":6,"6":0,"7":0,"8":6,"9":6,"10":0,"11":11,"12":0,"13":0,"14":0,"15":0,"16":0,"17":0,"18":0,"19":0,"20":0,"21":11,"22":11,"23":11,"24":11,"25":0,"26":0,"27":6},"f":{"0":11,"1":6,"2":0,"3":0,"4":0,"5":0,"6":0,"7":6},"b":{"0":[0,6,0],"1":[11,0],"2":[11,0],"3":[11,11],"4":[11,0]},"_coverageSchema":"1a1c01bbd47fc00a2c39e90264f33305004495a9","hash":"c038afac5927e536918e3151882f7db1a48912a1"}
,"/Users/jalpa/Documents/Student _Management_system/student_management/Client/src/screen/signup/Signup.js": {"path":"/Users/jalpa/Documents/Student _Management_system/student_management/Client/src/screen/signup/Signup.js","statementMap":{"0":{"start":{"line":14,"column":21},"end":{"line":14,"column":34}},"1":{"start":{"line":15,"column":23},"end":{"line":21,"column":5}},"2":{"start":{"line":22,"column":20},"end":{"line":31,"column":5}},"3":{"start":{"line":23,"column":8},"end":{"line":30,"column":9}},"4":{"start":{"line":25,"column":16},"end":{"line":25,"column":80}},"5":{"start":{"line":27,"column":16},"end":{"line":27,"column":33}},"6":{"start":{"line":29,"column":16},"end":{"line":29,"column":71}},"7":{"start":{"line":32,"column":30},"end":{"line":32,"column":61}},"8":{"start":{"line":34,"column":19},"end":{"line":56,"column":5}},"9":{"start":{"line":35,"column":8},"end":{"line":35,"column":31}},"10":{"start":{"line":36,"column":21},"end":{"line":42,"column":9}},"11":{"start":{"line":44,"column":8},"end":{"line":55,"column":14}},"12":{"start":{"line":45,"column":12},"end":{"line":51,"column":13}},"13":{"start":{"line":46,"column":16},"end":{"line":46,"column":29}},"14":{"start":{"line":47,"column":16},"end":{"line":47,"column":43}},"15":{"start":{"line":50,"column":16},"end":{"line":50,"column":34}},"16":{"start":{"line":54,"column":16},"end":{"line":54,"column":33}},"17":{"start":{"line":57,"column":4},"end":{"line":76,"column":5}}},"fnMap":{"0":{"name":"Signup","decl":{"start":{"line":13,"column":9},"end":{"line":13,"column":15}},"loc":{"start":{"line":13,"column":23},"end":{"line":77,"column":1}},"line":13},"1":{"name":"(anonymous_1)","decl":{"start":{"line":22,"column":20},"end":{"line":22,"column":21}},"loc":{"start":{"line":22,"column":39},"end":{"line":31,"column":5}},"line":22},"2":{"name":"(anonymous_2)","decl":{"start":{"line":34,"column":19},"end":{"line":34,"column":20}},"loc":{"start":{"line":34,"column":30},"end":{"line":56,"column":5}},"line":34},"3":{"name":"(anonymous_3)","decl":{"start":{"line":44,"column":39},"end":{"line":44,"column":40}},"loc":{"start":{"line":44,"column":48},"end":{"line":52,"column":9}},"line":44},"4":{"name":"(anonymous_4)","decl":{"start":{"line":53,"column":12},"end":{"line":53,"column":13}},"loc":{"start":{"line":53,"column":21},"end":{"line":55,"column":13}},"line":53}},"branchMap":{"0":{"loc":{"start":{"line":23,"column":8},"end":{"line":30,"column":9}},"type":"switch","locations":[{"start":{"line":24,"column":12},"end":{"line":25,"column":80}},{"start":{"line":26,"column":12},"end":{"line":27,"column":33}},{"start":{"line":28,"column":12},"end":{"line":29,"column":71}}],"line":23},"1":{"loc":{"start":{"line":45,"column":12},"end":{"line":51,"column":13}},"type":"if","locations":[{"start":{"line":45,"column":12},"end":{"line":51,"column":13}},{"start":{"line":49,"column":17},"end":{"line":51,"column":13}}],"line":45}},"s":{"0":0,"1":0,"2":0,"3":0,"4":0,"5":0,"6":0,"7":0,"8":0,"9":0,"10":0,"11":0,"12":0,"13":0,"14":0,"15":0,"16":0,"17":0},"f":{"0":0,"1":0,"2":0,"3":0,"4":0},"b":{"0":[0,0,0],"1":[0,0]},"_coverageSchema":"1a1c01bbd47fc00a2c39e90264f33305004495a9","hash":"d5e44858b20ee06bf100093ccf87e508da095922"}
,"/Users/jalpa/Documents/Student _Management_system/student_management/Client/src/service/Service.js": {"path":"/Users/jalpa/Documents/Student _Management_system/student_management/Client/src/service/Service.js","statementMap":{"0":{"start":{"line":2,"column":17},"end":{"line":2,"column":45}},"1":{"start":{"line":4,"column":23},"end":{"line":31,"column":1}},"2":{"start":{"line":6,"column":28},"end":{"line":10,"column":9}},"3":{"start":{"line":11,"column":8},"end":{"line":16,"column":15}},"4":{"start":{"line":12,"column":30},"end":{"line":12,"column":45}},"5":{"start":{"line":13,"column":28},"end":{"line":13,"column":48}},"6":{"start":{"line":15,"column":16},"end":{"line":15,"column":33}},"7":{"start":{"line":20,"column":28},"end":{"line":23,"column":9}},"8":{"start":{"line":24,"column":8},"end":{"line":29,"column":15}},"9":{"start":{"line":25,"column":30},"end":{"line":25,"column":45}},"10":{"start":{"line":26,"column":28},"end":{"line":26,"column":48}},"11":{"start":{"line":28,"column":16},"end":{"line":28,"column":33}}},"fnMap":{"0":{"name":"(anonymous_0)","decl":{"start":{"line":5,"column":10},"end":{"line":5,"column":11}},"loc":{"start":{"line":5,"column":53},"end":{"line":17,"column":5}},"line":5},"1":{"name":"(anonymous_1)","decl":{"start":{"line":12,"column":18},"end":{"line":12,"column":19}},"loc":{"start":{"line":12,"column":30},"end":{"line":12,"column":45}},"line":12},"2":{"name":"(anonymous_2)","decl":{"start":{"line":13,"column":18},"end":{"line":13,"column":19}},"loc":{"start":{"line":13,"column":26},"end":{"line":13,"column":50}},"line":13},"3":{"name":"(anonymous_3)","decl":{"start":{"line":14,"column":19},"end":{"line":14,"column":20}},"loc":{"start":{"line":14,"column":28},"end":{"line":16,"column":13}},"line":14},"4":{"name":"(anonymous_4)","decl":{"start":{"line":19,"column":9},"end":{"line":19,"column":10}},"loc":{"start":{"line":19,"column":52},"end":{"line":30,"column":5}},"line":19},"5":{"name":"(anonymous_5)","decl":{"start":{"line":25,"column":18},"end":{"line":25,"column":19}},"loc":{"start":{"line":25,"column":30},"end":{"line":25,"column":45}},"line":25},"6":{"name":"(anonymous_6)","decl":{"start":{"line":26,"column":18},"end":{"line":26,"column":19}},"loc":{"start":{"line":26,"column":26},"end":{"line":26,"column":50}},"line":26},"7":{"name":"(anonymous_7)","decl":{"start":{"line":27,"column":19},"end":{"line":27,"column":20}},"loc":{"start":{"line":27,"column":28},"end":{"line":29,"column":13}},"line":27}},"branchMap":{},"s":{"0":6,"1":6,"2":0,"3":0,"4":0,"5":0,"6":0,"7":0,"8":0,"9":0,"10":0,"11":0},"f":{"0":0,"1":0,"2":0,"3":0,"4":0,"5":0,"6":0,"7":0},"b":{},"_coverageSchema":"1a1c01bbd47fc00a2c39e90264f33305004495a9","hash":"b110fc1b214e4365ef9f877ba91195c4fbbb302c"}
,"/Users/jalpa/Documents/Student _Management_system/student_management/Client/src/util/Student.js": {"path":"/Users/jalpa/Documents/Student _Management_system/student_management/Client/src/util/Student.js","statementMap":{"0":{"start":{"line":7,"column":20},"end":{"line":56,"column":1}}},"fnMap":{},"branchMap":{},"s":{"0":3},"f":{},"b":{},"_coverageSchema":"1a1c01bbd47fc00a2c39e90264f33305004495a9","hash":"cc4ba81f57a34184cca4e114b920364b11413429"}
}
