TN:
SF:src/App.js
FN:4,App
FNF:1
FNH:0
FNDA:0,App
DA:5,0
LF:1
LH:0
BRF:0
BRH:0
end_of_record
TN:
SF:src/index.js
FNF:0
FNH:0
DA:8,0
DA:9,0
DA:20,0
LF:3
LH:0
BRF:0
BRH:0
end_of_record
TN:
SF:src/reportWebVitals.js
FN:1,(anonymous_0)
FN:3,(anonymous_1)
FNF:2
FNH:0
FNDA:0,(anonymous_0)
FNDA:0,(anonymous_1)
DA:1,0
DA:2,0
DA:3,0
DA:4,0
DA:5,0
DA:6,0
DA:7,0
DA:8,0
LF:8
LH:0
BRDA:2,0,0,0
BRDA:2,0,1,0
BRDA:2,1,0,0
BRDA:2,1,1,0
BRF:4
BRH:0
end_of_record
TN:
SF:src/setupTests.js
FNF:0
FNH:0
LF:0
LH:0
BRF:0
BRH:0
end_of_record
TN:
SF:src/components/errorpage/ErrorPage.js
FN:4,ErrorPage
FNF:1
FNH:0
FNDA:0,ErrorPage
DA:5,0
DA:6,0
DA:8,0
LF:3
LH:0
BRDA:13,0,0,0
BRDA:13,0,1,0
BRF:2
BRH:0
end_of_record
TN:
SF:src/components/forminput/FormInput.js
FN:5,FormInput
FN:8,showPreview
FN:15,(anonymous_2)
FN:31,(anonymous_3)
FN:36,(anonymous_4)
FN:41,(anonymous_5)
FN:51,(anonymous_6)
FN:67,(anonymous_7)
FNF:8
FNH:1
FNDA:3,FormInput
FNDA:0,showPreview
FNDA:0,(anonymous_2)
FNDA:0,(anonymous_3)
FNDA:0,(anonymous_4)
FNDA:0,(anonymous_5)
FNDA:0,(anonymous_6)
FNDA:0,(anonymous_7)
DA:6,3
DA:7,3
DA:15,3
DA:16,0
DA:17,0
DA:24,3
DA:31,0
DA:36,0
DA:41,0
DA:52,0
DA:68,0
LF:11
LH:4
BRDA:25,0,0,0
BRDA:25,0,1,3
BRDA:46,1,0,0
BRDA:46,1,1,3
BRDA:60,2,0,3
BRDA:60,2,1,0
BRDA:62,3,0,3
BRDA:62,3,1,3
BRF:8
BRH:5
end_of_record
TN:
SF:src/components/forminput/Input.js
FN:4,Input
FN:10,(anonymous_1)
FN:28,(anonymous_2)
FN:41,(anonymous_3)
FNF:4
FNH:2
FNDA:45,Input
FNDA:0,(anonymous_1)
FNDA:8,(anonymous_2)
FNDA:0,(anonymous_3)
DA:5,45
DA:6,45
DA:11,0
DA:29,8
DA:42,0
LF:5
LH:3
BRDA:7,0,0,9
BRDA:7,0,1,36
BRDA:23,1,0,9
BRDA:23,1,1,27
BRF:4
BRH:4
end_of_record
TN:
SF:src/components/header/Header.js
FN:6,Header
FNF:1
FNH:1
FNDA:10,Header
DA:7,10
DA:8,10
DA:10,10
LF:3
LH:3
BRDA:8,0,0,10
BRDA:8,0,1,0
BRDA:8,1,0,10
BRDA:8,1,1,10
BRF:4
BRH:3
end_of_record
TN:
SF:src/components/loader/Loader.js
FN:4,Loader
FNF:1
FNH:1
FNDA:1,Loader
DA:5,1
LF:1
LH:1
BRF:0
BRH:0
end_of_record
TN:
SF:src/components/navbar/Navbar.js
FN:6,Navbar
FN:15,(anonymous_1)
FNF:2
FNH:1
FNDA:9,Navbar
FNDA:0,(anonymous_1)
DA:7,9
DA:8,9
DA:15,0
LF:3
LH:2
BRF:0
BRH:0
end_of_record
TN:
SF:src/components/profile/MyProfile.js
FN:4,MyProfile
FNF:1
FNH:1
FNDA:1,MyProfile
DA:5,1
DA:6,1
LF:2
LH:2
BRF:0
BRH:0
end_of_record
TN:
SF:src/components/service/StudentService.js
FN:9,StudentService
FN:15,(anonymous_1)
FN:42,(anonymous_2)
FN:44,(anonymous_3)
FNF:4
FNH:2
FNDA:1,StudentService
FNDA:0,(anonymous_1)
FNDA:8,(anonymous_2)
FNDA:0,(anonymous_3)
DA:10,1
DA:11,1
DA:15,1
DA:16,0
DA:18,0
DA:19,0
DA:21,0
DA:22,0
DA:24,0
DA:25,0
DA:27,0
DA:28,0
DA:30,0
DA:31,0
DA:33,0
DA:36,1
DA:43,8
DA:44,0
LF:18
LH:5
BRDA:16,0,0,0
BRDA:16,0,1,0
BRDA:16,0,2,0
BRDA:16,0,3,0
BRDA:16,0,4,0
BRDA:16,0,5,0
BRDA:57,1,0,1
BRDA:57,1,1,0
BRDA:58,2,0,1
BRDA:58,2,1,0
BRF:10
BRH:2
end_of_record
TN:
SF:src/components/teacher/HomeworkListing.js
FN:6,HomeworkListing
FN:9,(anonymous_1)
FN:31,(anonymous_2)
FNF:3
FNH:0
FNDA:0,HomeworkListing
FNDA:0,(anonymous_1)
FNDA:0,(anonymous_2)
DA:7,0
DA:9,0
DA:10,0
DA:11,0
DA:13,0
DA:16,0
DA:32,0
DA:57,1
LF:8
LH:1
BRDA:10,0,0,0
BRDA:10,0,1,0
BRDA:19,1,0,0
BRDA:19,1,1,0
BRDA:30,2,0,0
BRDA:30,2,1,0
BRF:6
BRH:0
end_of_record
TN:
SF:src/components/teacher/LeftCard.js
FN:5,LeftCard
FN:11,(anonymous_1)
FN:28,handleInputChange
FN:35,(anonymous_3)
FN:42,(anonymous_4)
FN:50,(anonymous_5)
FN:60,(anonymous_6)
FN:65,(anonymous_7)
FNF:8
FNH:0
FNDA:0,LeftCard
FNDA:0,(anonymous_1)
FNDA:0,handleInputChange
FNDA:0,(anonymous_3)
FNDA:0,(anonymous_4)
FNDA:0,(anonymous_5)
FNDA:0,(anonymous_6)
FNDA:0,(anonymous_7)
DA:6,0
DA:11,0
DA:12,0
DA:14,0
DA:16,0
DA:18,0
DA:20,0
DA:22,0
DA:26,0
DA:29,0
DA:35,0
DA:36,0
DA:37,0
DA:42,0
DA:43,0
DA:44,0
DA:47,0
DA:50,0
DA:55,0
DA:60,0
DA:65,0
LF:21
LH:0
BRDA:12,0,0,0
BRDA:12,0,1,0
BRDA:12,0,2,0
BRDA:12,0,3,0
BRDA:12,0,4,0
BRDA:43,1,0,0
BRDA:43,1,1,0
BRF:7
BRH:0
end_of_record
TN:
SF:src/components/teacher/RightCard.js
FN:6,RightCard
FN:9,(anonymous_1)
FN:13,(anonymous_2)
FN:15,(anonymous_3)
FN:21,(anonymous_4)
FN:30,(anonymous_5)
FNF:6
FNH:0
FNDA:0,RightCard
FNDA:0,(anonymous_1)
FNDA:0,(anonymous_2)
FNDA:0,(anonymous_3)
FNDA:0,(anonymous_4)
FNDA:0,(anonymous_5)
DA:7,0
DA:9,0
DA:10,0
DA:13,0
DA:14,0
DA:15,0
DA:16,0
DA:17,0
DA:18,0
DA:21,0
DA:24,0
DA:31,0
LF:12
LH:0
BRDA:16,0,0,0
BRDA:16,0,1,0
BRDA:30,1,0,0
BRDA:30,1,1,0
BRF:4
BRH:0
end_of_record
TN:
SF:src/route/AppRoute.js
FN:17,AppRoute
FN:20,(anonymous_1)
FN:25,(anonymous_2)
FN:27,(anonymous_3)
FNF:4
FNH:0
FNDA:0,AppRoute
FNDA:0,(anonymous_1)
FNDA:0,(anonymous_2)
FNDA:0,(anonymous_3)
DA:18,0
DA:19,0
DA:21,0
DA:25,0
DA:26,0
DA:27,0
DA:28,0
DA:69,0
LF:8
LH:0
BRDA:71,0,0,0
BRDA:71,0,1,0
BRF:2
BRH:0
end_of_record
TN:
SF:src/screen/Teacher/Teacher.js
FN:7,Teacher
FNF:1
FNH:0
FNDA:0,Teacher
DA:8,0
DA:9,0
LF:2
LH:0
BRDA:12,0,0,0
BRDA:12,0,1,0
BRF:2
BRH:0
end_of_record
TN:
SF:src/screen/attendanceCalendar/AttendanceCalendar.js
FN:10,AttendanceCalendar
FN:21,(anonymous_1)
FN:25,(anonymous_2)
FN:27,(anonymous_3)
FN:33,(anonymous_4)
FN:37,(anonymous_5)
FN:38,(anonymous_6)
FN:40,(anonymous_7)
FN:47,(anonymous_8)
FN:87,(anonymous_9)
FN:93,(anonymous_10)
FN:99,(anonymous_11)
FNF:12
FNH:4
FNDA:1,AttendanceCalendar
FNDA:0,(anonymous_1)
FNDA:0,(anonymous_2)
FNDA:0,(anonymous_3)
FNDA:0,(anonymous_4)
FNDA:35,(anonymous_5)
FNDA:0,(anonymous_6)
FNDA:0,(anonymous_7)
FNDA:0,(anonymous_8)
FNDA:0,(anonymous_9)
FNDA:35,(anonymous_10)
FNDA:3,(anonymous_11)
DA:11,1
DA:12,1
DA:13,1
DA:15,1
DA:21,1
DA:22,0
DA:25,1
DA:26,0
DA:27,0
DA:28,0
DA:29,0
DA:31,0
DA:33,0
DA:37,1
DA:38,35
DA:39,0
DA:40,0
DA:41,0
DA:42,0
DA:43,0
DA:44,0
DA:45,0
DA:46,0
DA:47,0
DA:48,0
DA:50,0
DA:53,0
DA:75,35
DA:76,10
DA:81,1
DA:87,0
DA:93,35
DA:100,3
LF:33
LH:13
BRDA:28,0,0,0
BRDA:28,0,1,0
BRDA:38,1,0,0
BRDA:38,1,1,35
BRDA:48,2,0,0
BRDA:48,2,1,0
BRDA:75,3,0,10
BRDA:75,3,1,25
BRDA:75,4,0,35
BRDA:75,4,1,30
BRF:10
BRH:5
end_of_record
TN:
SF:src/screen/home/Home.js
FN:11,Home
FNF:1
FNH:1
FNDA:1,Home
DA:13,1
DA:14,1
DA:16,1
DA:17,1
DA:19,1
DA:26,1
LF:6
LH:6
BRDA:29,0,0,1
BRDA:29,0,1,0
BRF:2
BRH:1
end_of_record
TN:
SF:src/screen/leave/LeaveApplication.js
FN:10,LeaveApplication
FN:23,(anonymous_1)
FN:35,(anonymous_2)
FN:45,(anonymous_3)
FN:56,(anonymous_4)
FNF:5
FNH:2
FNDA:9,LeaveApplication
FNDA:8,(anonymous_1)
FNDA:0,(anonymous_2)
FNDA:0,(anonymous_3)
FNDA:0,(anonymous_4)
DA:11,9
DA:13,9
DA:14,9
DA:16,9
DA:23,9
DA:24,8
DA:26,8
DA:28,0
DA:30,0
DA:33,9
DA:35,9
DA:36,0
DA:37,0
DA:38,0
DA:45,0
DA:46,0
DA:47,0
DA:48,0
DA:49,0
DA:52,0
DA:53,0
DA:57,0
DA:58,0
DA:62,9
DA:64,9
LF:25
LH:11
BRDA:24,0,0,8
BRDA:24,0,1,0
BRDA:24,0,2,0
BRDA:46,1,0,0
BRDA:46,1,1,0
BRDA:90,2,0,0
BRDA:90,2,1,9
BRF:7
BRH:2
end_of_record
TN:
SF:src/screen/leavestatus/LeaveStatus.js
FN:10,LeaveStatus
FN:14,(anonymous_1)
FN:19,(anonymous_2)
FN:21,(anonymous_3)
FN:26,(anonymous_4)
FN:28,(anonymous_5)
FN:52,(anonymous_6)
FNF:7
FNH:0
FNDA:0,LeaveStatus
FNDA:0,(anonymous_1)
FNDA:0,(anonymous_2)
FNDA:0,(anonymous_3)
FNDA:0,(anonymous_4)
FNDA:0,(anonymous_5)
FNDA:0,(anonymous_6)
DA:11,0
DA:12,0
DA:14,0
DA:15,0
DA:19,0
DA:20,0
DA:21,0
DA:22,0
DA:23,0
DA:24,0
DA:26,0
DA:28,0
DA:29,0
DA:30,0
DA:32,0
DA:53,0
LF:16
LH:0
BRDA:22,0,0,0
BRDA:22,0,1,0
BRDA:42,1,0,0
BRDA:42,1,1,0
BRDA:42,2,0,0
BRDA:42,2,1,0
BRF:6
BRH:0
end_of_record
TN:
SF:src/screen/login/Login.js
FN:12,Login
FN:21,(anonymous_1)
FN:33,(anonymous_2)
FN:40,(anonymous_3)
FN:52,(anonymous_4)
FN:76,(anonymous_5)
FNF:6
FNH:1
FNDA:1,Login
FNDA:0,(anonymous_1)
FNDA:0,(anonymous_2)
FNDA:0,(anonymous_3)
FNDA:0,(anonymous_4)
FNDA:0,(anonymous_5)
DA:14,1
DA:16,1
DA:21,1
DA:22,0
DA:24,0
DA:26,0
DA:28,0
DA:31,1
DA:32,1
DA:33,1
DA:34,0
DA:35,0
DA:36,0
DA:40,0
DA:41,0
DA:42,0
DA:43,0
DA:44,0
DA:45,0
DA:46,0
DA:48,0
DA:49,0
DA:53,0
DA:54,0
DA:57,1
DA:76,0
LF:26
LH:7
BRDA:22,0,0,0
BRDA:22,0,1,0
BRDA:22,0,2,0
BRDA:41,1,0,0
BRDA:41,1,1,0
BRF:5
BRH:0
end_of_record
TN:
SF:src/screen/monthlyreport/AttendanceReport.js
FN:9,AttendanceReport
FN:12,Get24HourDate
FN:29,getDiff
FN:49,(anonymous_3)
FN:53,(anonymous_4)
FN:55,(anonymous_5)
FN:61,(anonymous_6)
FN:64,(anonymous_7)
FN:68,(anonymous_8)
FN:77,(anonymous_9)
FN:85,getDay
FN:110,(anonymous_11)
FNF:12
FNH:0
FNDA:0,AttendanceReport
FNDA:0,Get24HourDate
FNDA:0,getDiff
FNDA:0,(anonymous_3)
FNDA:0,(anonymous_4)
FNDA:0,(anonymous_5)
FNDA:0,(anonymous_6)
FNDA:0,(anonymous_7)
FNDA:0,(anonymous_8)
FNDA:0,(anonymous_9)
FNDA:0,getDay
FNDA:0,(anonymous_11)
DA:10,0
DA:13,0
DA:14,0
DA:15,0
DA:16,0
DA:17,0
DA:18,0
DA:20,0
DA:21,0
DA:22,0
DA:25,0
DA:26,0
DA:30,0
DA:31,0
DA:32,0
DA:33,0
DA:34,0
DA:35,0
DA:36,0
DA:37,0
DA:39,0
DA:45,0
DA:47,0
DA:49,0
DA:50,0
DA:53,0
DA:54,0
DA:55,0
DA:56,0
DA:57,0
DA:58,0
DA:59,0
DA:61,0
DA:64,0
DA:65,0
DA:68,0
DA:69,0
DA:70,0
DA:71,0
DA:72,0
DA:73,0
DA:74,0
DA:75,0
DA:77,0
DA:78,0
DA:79,0
DA:82,0
DA:86,0
DA:87,0
DA:88,0
DA:90,0
DA:111,0
LF:52
LH:0
BRDA:20,0,0,0
BRDA:20,0,1,0
BRDA:21,1,0,0
BRDA:21,1,1,0
BRDA:56,2,0,0
BRDA:56,2,1,0
BRDA:78,3,0,0
BRDA:78,3,1,0
BRDA:100,4,0,0
BRDA:100,4,1,0
BRDA:100,5,0,0
BRDA:100,5,1,0
BRF:12
BRH:0
end_of_record
TN:
SF:src/screen/punch/Punch.js
FN:7,Punch
FN:12,(anonymous_1)
FN:25,(anonymous_2)
FN:28,(anonymous_3)
FN:31,(anonymous_4)
FN:50,(anonymous_5)
FN:54,(anonymous_6)
FN:67,(anonymous_7)
FNF:8
FNH:3
FNDA:11,Punch
FNDA:6,(anonymous_1)
FNDA:0,(anonymous_2)
FNDA:0,(anonymous_3)
FNDA:0,(anonymous_4)
FNDA:0,(anonymous_5)
FNDA:0,(anonymous_6)
FNDA:6,(anonymous_7)
DA:8,11
DA:9,11
DA:10,11
DA:12,11
DA:13,6
DA:14,6
DA:16,0
DA:17,0
DA:19,6
DA:20,6
DA:22,0
DA:25,11
DA:26,0
DA:27,0
DA:28,0
DA:29,0
DA:30,0
DA:32,0
DA:34,0
DA:35,0
DA:36,0
DA:40,11
DA:41,11
DA:43,11
DA:44,11
DA:50,0
DA:54,0
DA:67,6
LF:28
LH:14
BRDA:14,0,0,0
BRDA:14,0,1,6
BRDA:14,0,2,0
BRDA:40,1,0,11
BRDA:40,1,1,0
BRDA:43,2,0,11
BRDA:43,2,1,0
BRDA:43,3,0,11
BRDA:43,3,1,11
BRDA:71,4,0,11
BRDA:71,4,1,0
BRF:11
BRH:6
end_of_record
TN:
SF:src/screen/signup/Signup.js
FN:13,Signup
FN:22,(anonymous_1)
FN:34,(anonymous_2)
FN:44,(anonymous_3)
FN:53,(anonymous_4)
FNF:5
FNH:0
FNDA:0,Signup
FNDA:0,(anonymous_1)
FNDA:0,(anonymous_2)
FNDA:0,(anonymous_3)
FNDA:0,(anonymous_4)
DA:14,0
DA:15,0
DA:22,0
DA:23,0
DA:25,0
DA:27,0
DA:29,0
DA:32,0
DA:34,0
DA:35,0
DA:36,0
DA:44,0
DA:45,0
DA:46,0
DA:47,0
DA:50,0
DA:54,0
DA:57,0
LF:18
LH:0
BRDA:23,0,0,0
BRDA:23,0,1,0
BRDA:23,0,2,0
BRDA:45,1,0,0
BRDA:45,1,1,0
BRF:5
BRH:0
end_of_record
TN:
SF:src/service/Service.js
FN:5,(anonymous_0)
FN:12,(anonymous_1)
FN:13,(anonymous_2)
FN:14,(anonymous_3)
FN:19,(anonymous_4)
FN:25,(anonymous_5)
FN:26,(anonymous_6)
FN:27,(anonymous_7)
FNF:8
FNH:0
FNDA:0,(anonymous_0)
FNDA:0,(anonymous_1)
FNDA:0,(anonymous_2)
FNDA:0,(anonymous_3)
FNDA:0,(anonymous_4)
FNDA:0,(anonymous_5)
FNDA:0,(anonymous_6)
FNDA:0,(anonymous_7)
DA:2,6
DA:4,6
DA:6,0
DA:11,0
DA:12,0
DA:13,0
DA:15,0
DA:20,0
DA:24,0
DA:25,0
DA:26,0
DA:28,0
LF:12
LH:2
BRF:0
BRH:0
end_of_record
TN:
SF:src/util/Student.js
FNF:0
FNH:0
DA:7,3
LF:1
LH:1
BRF:0
BRH:0
end_of_record
